     5840,  0,    70,     4,  3,  6,  1,  1,  1.250, -0.250,  0.000, -0.250, -0.500, -1.000, -1.000, -1.000,  0.000,  0.000, -0.250, -0.750, -0.750, -1.000, -1.000,  0.000, -0.250,  0.000,  0.000 
     5840,  1,    57,     4,  4,  5,  1,  1,  3.250, -0.750, -1.250, -1.250, -1.000, -1.000, -1.500,  0.000,  0.000,  0.000,  0.250,  0.250, -0.250,  1.000,  1.000,  1.000,  0.750,  0.000,  0.000,  1.750,  1.500 
     5840,  2,    60,   -12,  2,  3,  1,  1,  3.500,  0.000,  0.000,  0.000, -2.000,  0.000,  0.000 
     5840,  3,    50,   -12,  3,  3,  1,  1,  4.750,  0.000,  0.250, -1.000, -1.000, -0.500,  1.000,  0.250,  0.000,  0.000 
     5850,  0,    70,     4,  3,  6,  1,  1,  1.250, -0.250,  0.000, -0.250, -0.500, -0.750, -0.750, -1.000, -0.250, -0.250, -0.250, -0.750, -0.750, -1.000, -1.000,  0.500, -0.250,  0.000,  0.000 
     5850,  1,    57,     4,  4,  5,  1,  1,  3.250, -0.750, -1.250, -1.250, -1.000, -1.000, -1.500,  0.000,  0.000,  0.000,  0.250,  0.250, -0.250,  1.000,  1.000,  1.000,  0.750,  0.000,  0.000,  1.750,  1.500 
     5850,  2,    60,   -12,  2,  3,  1,  1,  3.500,  0.000,  0.000, -0.500, -1.500,  0.000,  0.000 
     5850,  3,    50,   -12,  3,  3,  1,  1,  4.750,  0.000,  0.250, -1.000, -1.000, -0.750,  1.250,  0.250,  0.000,  0.000 
     5855,  0,    70,     4,  3,  6,  1,  1,  1.250, -0.250,  0.000, -0.250, -0.500, -0.750, -0.750, -1.000, -0.250, -0.250, -0.250, -0.750, -0.750, -1.000, -1.000,  0.500, -0.250,  0.000,  0.000 
     5855,  1,    57,     4,  4,  5,  1,  1,  3.250, -0.750, -1.250, -1.250, -1.000, -1.250, -1.500,  0.000,  0.000,  0.000,  0.250,  0.250, -0.250,  1.000,  1.000,  1.000,  0.750,  0.000,  0.000,  1.750,  1.500 
     5855,  2,    60,   -12,  2,  3,  1,  1,  3.500,  0.000,  0.000, -0.500, -1.500,  0.000,  0.000 
     5855,  3,    50,   -12,  3,  3,  1,  1,  4.750,  0.000,  0.250, -1.000, -1.000, -0.750,  1.250,  0.250,  0.000,  0.000 
     5860,  0,    70,     4,  3,  6,  1,  1,  1.250, -0.250,  0.000, -0.250, -0.500, -0.750, -0.750, -1.000, -0.250, -0.250, -0.250, -0.750, -0.750, -1.000, -1.000,  0.500, -0.250,  0.000,  0.000 
     5860,  1,    57,     4,  4,  5,  1,  1,  3.250, -0.750, -1.250, -1.250, -1.000, -1.250, -1.500,  0.000,  0.000,  0.000,  0.250,  0.250, -0.250,  1.000,  1.000,  1.000,  0.750,  0.000,  0.000,  1.750,  1.500 
     5860,  2,    60,   -12,  2,  3,  1,  1,  3.500,  0.000,  0.000, -0.500, -1.500,  0.000,  0.000 
     5860,  3,    50,   -12,  3,  3,  1,  1,  4.750,  0.000,  0.250, -1.000, -1.000, -0.750,  1.250,  0.250,  0.000,  0.000 
     5865,  0,    70,     4,  3,  6,  1,  1,  1.250, -0.250,  0.000, -0.250, -0.500, -0.750, -0.750, -1.000, -0.250, -0.250, -0.250, -0.750, -0.750, -1.000, -1.000,  0.500, -0.250,  0.000,  0.000 
     5865,  1,    57,     4,  4,  5,  1,  1,  3.500, -0.750, -1.250, -1.250, -1.000, -1.250, -1.500,  0.000, -0.250,  0.000,  0.250,  0.250, -0.250,  1.000,  1.000,  1.000,  0.750,  0.000,  0.000,  1.750,  1.500 
     5865,  2,    60,   -12,  2,  3,  1,  1,  3.500,  0.000,  0.000, -0.500, -1.500,  0.000,  0.000 
     5865,  3,    50,   -12,  3,  3,  1,  1,  4.750,  0.000,  0.250, -1.000, -1.000, -0.750,  1.250,  0.250,  0.000,  0.000 
     5870,  0,    70,     4,  3,  6,  1,  1,  1.250, -0.250,  0.000, -0.250, -0.500, -0.750, -0.750, -1.000, -0.250, -0.250, -0.250, -0.750, -0.750, -1.000, -1.000,  0.500, -0.250,  0.000,  0.000 
     5870,  1,    57,     4,  4,  5,  1,  1,  3.500, -0.750, -1.250, -1.250, -1.000, -1.250, -1.500,  0.000, -0.250,  0.000,  0.250,  0.250, -0.250,  1.000,  1.000,  0.750,  0.750,  0.000,  0.000,  1.750,  1.500 
     5870,  2,    60,   -12,  2,  3,  1,  1,  3.500,  0.000,  0.000, -0.500, -1.500,  0.000,  0.000 
     5870,  3,    50,   -12,  3,  3,  1,  1,  4.750,  0.000,  0.250, -1.000, -1.000, -0.750,  1.250,  0.250,  0.000,  0.000 
     5875,  0,    70,     4,  3,  6,  1,  1,  1.250, -0.250,  0.000, -0.250, -0.500, -0.750, -0.750, -1.000, -0.250, -0.250, -0.250, -0.750, -0.750, -1.000, -1.000,  0.500, -0.250,  0.000,  0.000 
     5875,  1,    57,     4,  4,  5,  1,  1,  3.500, -0.750, -1.250, -1.250, -1.000, -1.250, -1.500,  0.000, -0.250,  0.000,  0.250,  0.250, -0.250,  1.000,  1.000,  0.750,  0.750,  0.000,  0.000,  1.750,  1.500 
     5875,  2,    60,   -12,  2,  3,  1,  1,  3.500,  0.000,  0.000, -0.500, -1.500,  0.000,  0.000 
     5875,  3,    50,   -12,  3,  3,  1,  1,  4.750,  0.000,  0.250, -1.000, -1.000, -0.750,  1.250,  0.250,  0.000,  0.000 
     5880,  0,    70,     4,  3,  6,  1,  1,  1.250, -0.250,  0.000, -0.250, -0.500, -0.750, -0.750, -1.000, -0.250, -0.250, -0.250, -0.750, -0.750, -1.000, -1.000,  0.500, -0.250,  0.000,  0.000 
     5880,  1,    57,     4,  4,  5,  1,  1,  3.500, -0.750, -1.250, -1.250, -1.000, -1.250, -1.500,  0.000, -0.250,  0.000,  0.250,  0.250, -0.250,  1.000,  1.000,  0.750,  0.750,  0.000,  0.000,  1.750,  1.500 
     5880,  2,    60,   -12,  2,  3,  1,  1,  3.500,  0.000,  0.000, -0.500, -1.500,  0.000,  0.000 
     5880,  3,    50,   -12,  3,  3,  1,  1,  4.750,  0.000,  0.250, -1.000, -1.000, -1.000,  1.250,  0.250,  0.000,  0.000 
     5885,  0,    70,     4,  3,  6,  1,  1,  1.250, -0.250,  0.000, -0.250, -0.500, -0.750, -0.750, -1.000, -0.250, -0.250, -0.250, -0.750, -0.750, -1.000, -1.000,  0.500, -0.250,  0.000,  0.000 
     5885,  1,    57,     4,  4,  5,  1,  1,  3.500, -0.750, -1.250, -1.250, -1.000, -1.250, -1.500,  0.000, -0.250,  0.000,  0.250,  0.250, -0.250,  1.000,  1.000,  0.750,  0.750,  0.000, -0.250,  1.750,  1.500 
     5885,  2,    60,   -12,  2,  3,  1,  1,  3.500,  0.000,  0.000, -0.500, -1.500,  0.000,  0.000 
     5885,  3,    50,   -12,  3,  3,  1,  1,  4.750,  0.000,  0.250, -1.000, -1.000, -1.000,  1.250,  0.250,  0.000,  0.000 
     5890,  0,    70,     4,  3,  6,  1,  1,  1.250, -0.250,  0.000, -0.250, -0.500, -0.750, -0.750, -1.000, -0.250, -0.250, -0.250, -0.750, -0.750, -1.000, -1.000,  0.500, -0.250,  0.000,  0.000 
     5890,  1,    57,     4,  4,  5,  1,  1,  3.500, -0.750, -1.250, -1.250, -1.000, -1.250, -1.500,  0.000, -0.250,  0.000,  0.250,  0.250, -0.250,  1.000,  1.000,  0.750,  0.750,  0.000, -0.250,  1.750,  1.500 
     5890,  2,    60,   -12,  2,  3,  1,  1,  3.500,  0.000,  0.000, -0.500, -1.500,  0.000,  0.000 
     5890,  3,    50,   -12,  3,  3,  1,  1,  4.750,  0.000,  0.250, -1.000, -1.000, -1.000,  1.250,  0.250,  0.000,  0.000 
     5895,  0,    70,     4,  3,  6,  1,  1,  1.250, -0.250,  0.000, -0.250, -0.500, -0.750, -0.750, -1.000, -0.250, -0.250, -0.250, -0.750, -0.750, -1.000, -1.000,  0.500, -0.250,  0.000,  0.000 
     5895,  1,    57,     4,  4,  5,  1,  1,  3.500, -0.750, -1.250, -1.250, -1.000, -1.250, -1.500,  0.000, -0.250,  0.000,  0.250,  0.250, -0.250,  1.000,  1.000,  0.750,  0.750,  0.000, -0.250,  1.750,  1.500 
     5895,  2,    60,   -12,  2,  3,  1,  1,  3.500,  0.000,  0.000, -0.500, -1.500,  0.000,  0.000 
     5895,  3,    50,   -12,  3,  3,  1,  1,  4.750,  0.000,  0.250, -1.000, -1.000, -1.000,  1.250,  0.250,  0.000,  0.000 
     5900,  0,    70,     4,  3,  6,  1,  1,  1.250, -0.250,  0.000, -0.250, -0.500, -0.750, -0.750, -1.000, -0.250, -0.250, -0.250, -0.750, -0.750, -1.000, -1.000,  0.500, -0.250,  0.000,  0.000 
     5900,  1,    57,     4,  4,  5,  1,  1,  3.500, -0.750, -1.250, -1.250, -1.000, -1.250, -1.500,  0.000, -0.250,  0.000,  0.250,  0.250, -0.250,  1.000,  1.000,  0.750,  0.750,  0.000, -0.250,  1.750,  1.500 
     5900,  2,    60,   -12,  2,  3,  1,  1,  3.500,  0.000,  0.000, -0.500, -1.500,  0.000,  0.000 
     5900,  3,    50,   -12,  3,  3,  1,  1,  4.750,  0.000,  0.250, -1.000, -1.000, -1.000,  1.250,  0.250,  0.000,  0.000 
     5905,  0,    70,     4,  3,  6,  1,  1,  1.250, -0.250,  0.000, -0.250, -0.500, -0.750, -0.750, -1.000, -0.250, -0.250, -0.250, -0.750, -0.750, -1.000, -1.000,  0.500, -0.250,  0.000,  0.000 
     5905,  1,    57,     4,  4,  5,  1,  1,  3.500, -0.750, -1.250, -1.250, -1.000, -1.250, -1.500,  0.000, -0.250,  0.000,  0.250,  0.250, -0.250,  1.000,  1.000,  0.750,  0.750,  0.000, -0.250,  1.750,  1.500 
     5905,  2,    60,   -12,  2,  3,  1,  1,  3.000,  0.000, -3.000,  0.000, -1.000,  0.000,  0.000 
     5905,  3,    50,   -12,  3,  3,  1,  1,  4.750,  0.000,  0.250, -1.000, -1.000, -1.000,  1.250,  0.250,  0.000,  0.000 
     5910,  0,    70,     4,  3,  6,  1,  1,  1.250, -0.250,  0.000, -0.250, -0.500, -0.750, -0.750, -1.000, -0.250, -0.250, -0.250, -0.750, -0.750, -1.000, -1.000,  0.500, -0.250,  0.000,  0.000 
     5910,  1,    57,     4,  4,  5,  1,  1,  3.500, -0.750, -1.250, -1.250, -1.000, -1.250, -1.500,  0.000,  0.000,  0.000,  0.250,  0.250, -0.500,  1.000,  1.000,  1.000,  0.750,  0.000, -0.250,  1.750,  1.500 
     5910,  2,    60,   -12,  2,  3,  1,  1,  3.000,  0.000, -3.000,  0.000, -1.000,  0.000,  0.000 
     5910,  3,    50,   -12,  3,  3,  1,  1,  4.750,  0.000,  0.250, -1.000, -1.000, -1.000,  1.250,  0.250,  0.000,  0.000 
     5915,  0,    70,     4,  3,  6,  1,  1,  1.250, -0.250,  0.000, -0.250, -0.500, -0.750, -0.750, -1.000, -0.250, -0.250, -0.250, -0.750, -0.750, -1.000, -1.000,  0.500, -0.250,  0.000,  0.000 
     5915,  1,    57,     4,  4,  5,  1,  1,  3.500, -0.750, -1.250, -1.250, -1.000, -1.250, -1.500,  0.000,  0.000,  0.000,  0.250,  0.250, -0.500,  1.000,  1.000,  1.000,  0.750,  0.000, -0.250,  1.750,  1.500 
     5915,  2,    60,   -12,  2,  3,  1,  1,  3.000,  0.000, -3.000,  0.000, -1.000,  0.000,  0.000 
     5915,  3,    50,   -12,  3,  3,  1,  1,  4.750,  0.000,  0.250, -1.000, -1.000, -1.000,  1.250,  0.250,  0.000,  0.000 
     5920,  0,    70,     4,  3,  6,  1,  1,  1.250, -0.250,  0.000, -0.250, -0.500, -0.750, -0.750, -1.000, -0.250, -0.250, -0.250, -0.750, -0.750, -1.000, -1.000,  0.500, -0.250,  0.000,  0.000 
     5920,  1,    57,     4,  4,  5,  1,  1,  3.500, -0.750, -1.250, -1.250, -1.000, -1.250, -1.500,  0.000,  0.000,  0.000,  0.250,  0.250, -0.500,  1.000,  1.000,  1.000,  0.750,  0.000, -0.250,  1.750,  1.500 
     5920,  2,    60,   -12,  2,  3,  1,  1,  3.000,  0.000, -3.000,  0.000, -1.000,  0.000,  0.000 
     5920,  3,    50,   -12,  3,  3,  1,  1,  4.750,  0.000,  0.250, -1.000, -1.000, -1.000,  1.250,  0.250,  0.000,  0.000 
     5925,  0,    70,     4,  3,  6,  1,  1,  1.250, -0.250,  0.000, -0.250, -0.500, -0.750, -0.750, -1.000, -0.250, -0.250, -0.250, -0.750, -0.750, -1.000, -1.000,  0.500, -0.250,  0.000,  0.000 
     5925,  1,    57,     4,  4,  5,  1,  1,  3.500, -0.750, -1.250, -1.250, -1.000, -1.250, -1.500,  0.000,  0.000,  0.000,  0.250,  0.250, -0.500,  1.000,  1.000,  1.000,  0.750,  0.000, -0.250,  1.750,  1.500 
     5925,  2,    60,   -12,  2,  3,  1,  1,  3.000,  0.000, -3.000,  0.000, -1.000,  0.000,  0.000 
     5925,  3,    50,   -12,  3,  3,  1,  1,  4.750,  0.000,  0.250, -1.000, -1.000, -1.000,  1.250,  0.250,  0.000,  0.000 
     5930,  0,    70,     4,  3,  6,  1,  1,  1.250, -0.250,  0.000, -0.250, -0.500, -0.750, -0.750, -1.000, -0.250, -0.250, -0.250, -0.750, -0.750, -1.000, -1.000,  0.500, -0.250,  0.000,  0.000 
     5930,  1,    57,     4,  4,  5,  1,  1,  3.500, -0.750, -1.250, -1.250, -1.000, -1.250, -1.500,  0.000,  0.000,  0.000,  0.250,  0.250, -0.500,  1.000,  1.000,  1.000,  0.750,  0.000, -0.250,  1.750,  1.500 
     5930,  2,    60,   -12,  2,  3,  1,  1,  3.000,  0.000, -3.000,  0.000, -1.000,  0.000,  0.000 
     5930,  3,    50,   -12,  3,  3,  1,  1,  4.750,  0.000,  0.250, -1.000, -1.000, -1.000,  1.250,  0.250,  0.000,  0.000 
     5935,  0,    70,     4,  3,  6,  1,  1,  1.250, -0.250,  0.000, -0.250, -0.500, -0.750, -0.750, -1.000, -0.250, -0.250, -0.250, -0.750, -0.750, -1.000, -1.000,  0.500, -0.250,  0.000,  0.000 
     5935,  1,    57,     4,  4,  5,  1,  1,  3.500, -0.750, -1.250, -1.250, -1.000, -1.250, -1.500,  0.000,  0.000,  0.000,  0.250,  0.250, -0.500,  1.000,  1.000,  1.000,  0.750,  0.000, -0.250,  1.750,  1.500 
     5935,  2,    60,   -12,  2,  3,  1,  1,  3.000,  0.000, -3.000,  0.000, -1.000,  0.000,  0.000 
     5935,  3,    50,   -12,  3,  3,  1,  1,  4.750,  0.000,  0.250, -1.000, -1.000, -1.000,  1.250,  0.250,  0.000,  0.000 
     5940,  0,    70,     4,  3,  6,  1,  1,  1.000, -0.500, -0.500, -0.500, -0.750, -0.750, -0.750, -0.750, -0.750, -0.500, -0.500, -0.500, -0.500, -0.750, -1.000,  0.750,  0.000,  0.000,  0.000 
     5940,  1,    57,     4,  4,  5,  1,  1,  3.250, -0.750, -1.250, -1.250, -1.250, -1.250, -1.750,  0.000,  0.000,  0.250,  0.250,  0.000, -0.500,  1.000,  1.000,  1.000,  1.000,  0.250,  0.000,  1.750,  1.500 
     5940,  2,    60,   -12,  2,  3,  1,  1,  3.000,  0.000, -3.000, -0.250, -1.000,  0.000,  0.000 
     5940,  3,    50,   -12,  3,  3,  1,  1,  4.750,  0.000,  0.250, -1.000, -1.000, -1.000,  1.250,  0.250,  0.000,  0.000 
     5945,  0,    70,     4,  3,  6,  1,  1,  1.000, -0.500, -0.500, -0.750, -0.750, -0.750, -0.750, -0.750, -0.750, -0.500, -0.500, -0.500, -0.500, -0.750, -1.000,  0.750,  0.000,  0.000,  0.000 
     5945,  1,    57,     4,  4,  5,  1,  1,  3.250, -0.750, -1.250, -1.250, -1.250, -1.250, -1.750,  0.000,  0.000,  0.250,  0.250,  0.000, -0.500,  1.000,  1.000,  1.000,  1.000,  0.250,  0.000,  1.750,  1.500 
     5945,  2,    60,   -12,  2,  3,  1,  1,  3.000,  0.000, -3.000, -0.250, -1.000,  0.000,  0.000 
     5945,  3,    50,   -12,  3,  3,  1,  1,  4.750,  0.000,  0.250, -1.000, -1.000, -1.000,  1.250,  0.250,  0.000,  0.000 
     5950,  0,    70,     4,  3,  6,  1,  1,  1.000, -0.500, -0.500, -0.750, -0.750, -0.750, -0.750, -0.750, -0.750, -0.500, -0.500, -0.500, -0.500, -0.750, -1.000,  0.750,  0.000,  0.000,  0.000 
     5950,  1,    57,     4,  4,  5,  1,  1,  3.250, -0.750, -1.250, -1.250, -1.250, -1.250, -1.750,  0.000,  0.000,  0.000,  0.250,  0.000, -0.500,  1.000,  1.000,  1.000,  1.000,  0.250,  0.000,  1.750,  1.500 
     5950,  2,    60,   -12,  2,  3,  1,  1,  3.000,  0.000, -3.000, -0.250, -1.000,  0.000,  0.000 
     5950,  3,    50,   -12,  3,  3,  1,  1,  4.750,  0.000,  0.250, -1.000, -1.000, -1.000,  1.250,  0.250,  0.000,  0.000 
     5955,  0,    70,     4,  3,  6,  1,  1,  1.000, -0.500, -0.500, -0.500, -0.750, -0.750, -0.750, -0.750, -0.750, -0.500, -0.500, -0.500, -0.500, -0.750, -1.000,  0.750,  0.000,  0.000,  0.000 
     5955,  1,    57,     4,  4,  5,  1,  1,  3.250, -0.750, -1.250, -1.250, -1.250, -1.250, -1.750,  0.000,  0.000,  0.000,  0.250,  0.000, -0.500,  1.000,  1.000,  1.000,  1.000,  0.250,  0.000,  1.750,  1.500 
     5955,  2,    60,   -12,  2,  3,  1,  1,  3.000,  0.000, -3.000, -0.250, -1.000,  0.000,  0.000 
     5955,  3,    50,   -12,  3,  3,  1,  1,  4.750,  0.000,  0.250, -1.000, -1.000, -1.000,  1.250,  0.250,  0.000,  0.000 
     5960,  0,    70,     4,  3,  6,  1,  1,  1.000, -0.500, -0.500, -0.500, -0.750, -0.750, -0.750, -0.750, -0.750, -0.500, -0.500, -0.500, -0.500, -0.750, -1.000,  0.750,  0.250,  0.000,  0.000 
     5960,  1,    57,     4,  4,  5,  1,  1,  3.250, -0.750, -1.250, -1.250, -1.250, -1.250, -1.750,  0.000,  0.000,  0.000,  0.250,  0.000, -0.500,  1.000,  1.000,  1.000,  1.000,  0.250,  0.000,  1.750,  1.500 
     5960,  2,    60,   -12,  2,  3,  1,  1,  3.000,  0.000, -3.000, -0.250, -1.000,  0.000,  0.000 
     5960,  3,    50,   -12,  3,  3,  1,  1,  4.750,  0.000,  0.250, -1.000, -1.000, -1.000,  1.250,  0.250,  0.000,  0.000 
     5965,  0,    70,     4,  3,  6,  1,  1,  1.000, -0.500, -0.500, -0.500, -0.750, -0.750, -0.750, -0.750, -0.750, -0.500, -0.500, -0.500, -0.750, -0.750, -1.000,  0.750,  0.250,  0.000,  0.000 
     5965,  1,    57,     4,  4,  5,  1,  1,  3.250, -0.750, -1.250, -1.250, -1.250, -1.250, -1.750,  0.000,  0.000,  0.000,  0.250,  0.000, -0.500,  1.000,  1.000,  1.000,  1.000,  0.250,  0.000,  1.750,  1.500 
     5965,  2,    60,   -12,  2,  3,  1,  1,  3.000,  0.000, -3.000, -0.250, -1.000,  0.000,  0.000 
     5965,  3,    50,   -12,  3,  3,  1,  1,  4.750,  0.000,  0.250, -1.000, -1.000, -1.000,  1.250,  0.250,  0.000,  0.000 
     5970,  0,    70,     4,  3,  6,  1,  1,  1.250, -0.250,  0.000,  0.000, -0.500, -0.750, -0.750, -1.000, -0.250,  0.000, -0.250, -0.500, -0.750, -1.000, -1.000,  0.500, -0.250,  0.000,  0.000 
     5970,  1,    57,     4,  4,  5,  1,  1,  3.250, -0.750, -1.250, -1.250, -1.000, -1.250, -1.500,  0.000,  0.000,  0.000,  0.250,  0.250, -0.500,  1.000,  1.000,  1.000,  0.750,  0.000, -0.250,  1.750,  1.500 
     5970,  2,    60,   -12,  2,  3,  1,  1,  3.000,  0.000, -2.500, -0.500, -1.000,  0.000,  0.000 
     5970,  3,    50,   -12,  3,  3,  1,  1,  4.750,  0.000,  0.250, -1.000, -1.000, -0.750,  1.250,  0.250,  0.000,  0.000 
     5975,  0,    70,     4,  3,  6,  1,  1,  1.250, -0.250,  0.000,  0.000, -0.500, -0.750, -0.750, -1.000, -0.250,  0.000, -0.250, -0.500, -0.750, -1.000, -1.000,  0.500, -0.250,  0.000,  0.000 
     5975,  1,    57,     4,  4,  5,  1,  1,  3.250, -0.750, -1.250, -1.250, -1.000, -1.250, -1.500,  0.000,  0.000,  0.000,  0.250,  0.250, -0.500,  1.000,  1.000,  1.000,  0.750,  0.000, -0.250,  1.750,  1.500 
     5975,  2,    60,   -12,  2,  3,  1,  1,  3.000,  0.000, -2.500, -0.500, -1.000,  0.000,  0.000 
     5975,  3,    50,   -12,  3,  3,  1,  1,  4.750,  0.000,  0.250, -1.000, -1.000, -0.750,  1.250,  0.250,  0.000,  0.000 
     5980,  0,    70,     4,  3,  6,  1,  1,  1.250, -0.250,  0.000,  0.000, -0.500, -0.750, -0.750, -1.000, -0.250,  0.000, -0.250, -0.500, -0.750, -1.000, -1.000,  0.500, -0.250,  0.000,  0.000 
     5980,  1,    57,     4,  4,  5,  1,  1,  3.500, -0.750, -1.250, -1.250, -1.000, -1.250, -1.500,  0.000,  0.000,  0.000,  0.250,  0.250, -0.250,  1.000,  1.000,  1.000,  0.750,  0.000, -0.250,  1.750,  1.500 
     5980,  2,    60,   -12,  2,  3,  1,  1,  3.000,  0.000, -2.500, -0.500, -1.000,  0.000,  0.000 
     5980,  3,    50,   -12,  3,  3,  1,  1,  4.750,  0.000,  0.250, -1.000, -1.000, -0.750,  1.250,  0.250,  0.000,  0.000 
     5985,  0,    70,     4,  3,  6,  1,  1,  1.250, -0.250,  0.000,  0.000, -0.500, -0.750, -0.750, -1.000, -0.250,  0.000, -0.250, -0.500, -0.750, -1.000, -1.000,  0.500, -0.250,  0.000,  0.000 
     5985,  1,    57,     4,  4,  5,  1,  1,  3.500, -0.750, -1.250, -1.250, -1.000, -1.250, -1.500,  0.000,  0.000,  0.000,  0.250,  0.250, -0.250,  1.000,  1.000,  1.000,  0.750,  0.000, -0.250,  1.750,  1.500 
     5985,  2,    60,   -12,  2,  3,  1,  1,  3.000,  0.000, -2.500, -0.500, -1.000,  0.000,  0.000 
     5985,  3,    50,   -12,  3,  3,  1,  1,  4.750,  0.000,  0.250, -1.000, -1.000, -0.750,  1.250,  0.250,  0.000,  0.000 
     5990,  0,    70,     4,  3,  6,  1,  1,  1.250, -0.250,  0.000,  0.000, -0.500, -0.750, -0.750, -1.000, -0.250,  0.000, -0.250, -0.750, -0.750, -1.000, -1.000,  0.500, -0.250,  0.000,  0.000 
     5990,  1,    57,     4,  4,  5,  1,  1,  3.500, -0.750, -1.250, -1.250, -1.000, -1.250, -1.500,  0.000,  0.000,  0.000,  0.250,  0.250, -0.250,  1.000,  1.000,  1.000,  0.750,  0.250,  0.000,  1.500,  1.500 
     5990,  2,    60,   -12,  2,  3,  1,  1,  3.000,  0.000, -2.500, -0.750, -1.000,  0.000,  0.000 
     5990,  3,    50,   -12,  3,  3,  1,  1,  4.750,  0.000,  0.250, -1.000, -1.000, -0.750,  1.250,  0.250,  0.000,  0.000 
     5995,  0,    70,     4,  3,  6,  1,  1,  1.250, -0.250,  0.000,  0.000, -0.500, -0.750, -0.750, -1.000, -0.250,  0.000, -0.250, -0.500, -0.750, -1.000, -1.000,  0.500, -0.250,  0.000,  0.000 
     5995,  1,    57,     4,  4,  5,  1,  1,  3.500, -0.750, -1.250, -1.250, -1.000, -1.250, -1.500,  0.000,  0.000,  0.000,  0.250,  0.250, -0.250,  1.000,  1.000,  1.000,  0.750,  0.250, -0.250,  1.500,  1.500 
     5995,  2,    60,   -12,  2,  3,  1,  1,  3.000,  0.000, -2.500, -0.750, -1.000,  0.000,  0.000 
     5995,  3,    50,   -12,  3,  3,  1,  1,  4.750,  0.000,  0.250, -1.000, -1.000, -0.750,  1.250,  0.250,  0.000,  0.000 
     6000,  0,    70,     4,  3,  6,  1,  1,  1.250, -0.250,  0.000,  0.000, -0.500, -0.750, -0.750, -1.000, -0.500,  0.000, -0.250, -0.750, -0.750, -1.000, -1.000,  0.500, -0.250,  0.000,  0.000 
     6000,  1,    57,     4,  4,  5,  1,  1,  3.250, -1.000, -1.250, -1.250, -1.000, -1.250, -1.500,  0.000,  0.000,  0.000,  0.250,  0.250, -0.500,  1.000,  1.000,  1.000,  1.000,  0.250, -0.250,  1.500,  1.500 
     6000,  2,    60,   -12,  2,  3,  1,  1,  2.750,  0.000, -2.750, -0.500, -1.000,  0.000,  0.000 
     6000,  3,    50,   -12,  3,  3,  1,  1,  4.750,  0.000,  0.250, -1.000, -1.000, -1.000,  1.250,  0.250,  0.000,  0.000 
     6005,  0,    70,     4,  3,  6,  1,  1,  1.250, -0.250,  0.000,  0.000, -0.500, -0.750, -0.750, -1.000, -0.500,  0.000, -0.250, -0.750, -0.750, -1.000, -1.000,  0.500, -0.250,  0.000,  0.000 
     6005,  1,    57,     4,  4,  5,  1,  1,  3.500, -1.000, -1.250, -1.250, -1.000, -1.250, -1.500,  0.000,  0.000,  0.000,  0.250,  0.250, -0.500,  1.000,  1.000,  1.000,  1.000,  0.250, -0.250,  1.500,  1.500 
     6005,  2,    60,   -12,  2,  3,  1,  1,  2.750,  0.000, -2.750, -0.500, -1.000,  0.000,  0.000 
     6005,  3,    50,   -12,  3,  3,  1,  1,  4.750,  0.000,  0.250, -0.750, -1.000, -1.750,  1.250,  0.250,  0.000,  0.000 
     6010,  0,    70,     4,  3,  6,  1,  1,  1.250, -0.250,  0.000,  0.000, -0.500, -0.750, -0.750, -1.000, -0.500,  0.000, -0.250, -0.750, -0.750, -1.000, -1.000,  0.500, -0.250,  0.000,  0.000 
     6010,  1,    57,     4,  4,  5,  1,  1,  3.500, -1.000, -1.250, -1.250, -1.000, -1.250, -1.500,  0.000,  0.000,  0.000,  0.250,  0.250, -0.500,  1.000,  1.000,  1.000,  1.000,  0.250, -0.250,  1.500,  1.500 
     6010,  2,    60,   -12,  2,  3,  1,  1,  2.750,  0.000, -2.750, -0.500, -1.000,  0.000,  0.000 
     6010,  3,    50,   -12,  3,  3,  1,  1,  4.750,  0.000,  0.250, -0.750, -1.000, -1.750,  1.250,  0.250,  0.000,  0.000 
     6015,  0,    70,     4,  3,  6,  1,  1,  1.250, -0.250,  0.000,  0.000, -0.500, -0.750, -0.750, -1.000, -0.500,  0.000, -0.250, -0.750, -0.750, -1.000, -1.000,  0.500, -0.250,  0.000,  0.000 
     6015,  1,    57,     4,  4,  5,  1,  1,  3.500, -1.000, -1.250, -1.250, -1.000, -1.250, -1.500,  0.000,  0.000,  0.000,  0.250,  0.250, -0.500,  1.000,  1.000,  1.000,  1.000,  0.250, -0.250,  1.500,  1.500 
     6015,  2,    60,   -12,  2,  3,  1,  1,  2.750,  0.000, -2.750, -0.500, -1.000,  0.000,  0.000 
     6015,  3,    50,   -12,  3,  3,  1,  1,  4.750,  0.000,  0.250, -0.750, -1.000, -1.750,  1.250,  0.250,  0.000,  0.000 
     6020,  0,    70,     4,  3,  6,  1,  1,  1.250, -0.250,  0.000,  0.000, -0.500, -0.750, -0.750, -1.000, -0.500,  0.000, -0.250, -0.750, -0.750, -1.000, -1.000,  0.500, -0.250,  0.000,  0.000 
     6020,  1,    57,     4,  4,  5,  1,  1,  3.500, -1.000, -1.250, -1.250, -1.000, -1.250, -1.500,  0.000,  0.000,  0.000,  0.250,  0.250, -0.500,  1.000,  1.000,  1.000,  1.000,  0.250, -0.250,  1.500,  1.500 
     6020,  2,    60,   -12,  2,  3,  1,  1,  2.750,  0.000, -2.750, -0.500, -1.000,  0.000,  0.000 
     6020,  3,    50,   -12,  3,  3,  1,  1,  4.750,  0.000,  0.250, -0.750, -1.000, -1.750,  1.250,  0.250,  0.000,  0.000 
     6025,  0,    70,     4,  3,  6,  1,  1,  1.250, -0.250,  0.000,  0.000, -0.500, -0.750, -0.750, -1.000, -0.500,  0.000, -0.250, -0.750, -0.750, -1.000, -1.000,  0.500, -0.250,  0.000,  0.000 
     6025,  1,    57,     4,  4,  5,  1,  1,  3.500, -1.000, -1.250, -1.250, -1.000, -1.250, -1.500,  0.000,  0.000,  0.000,  0.250,  0.250, -0.500,  1.000,  1.000,  1.000,  1.000,  0.250, -0.250,  1.500,  1.500 
     6025,  2,    60,   -12,  2,  3,  1,  1,  2.750,  0.000, -2.750, -0.500, -1.000,  0.000,  0.000 
     6025,  3,    50,   -12,  3,  3,  1,  1,  4.750,  0.000,  0.250, -0.750, -1.000, -1.750,  1.250,  0.250,  0.000,  0.000 
     6030,  0,    70,     4,  3,  6,  1,  1,  1.250, -0.250,  0.000,  0.000, -0.500, -0.750, -0.750, -1.000, -0.500,  0.000, -0.250, -0.750, -0.750, -1.000, -1.000,  0.500, -0.250,  0.000,  0.000 
     6030,  1,    57,     4,  4,  5,  1,  1,  3.500, -1.000, -1.250, -1.250, -1.000, -1.250, -1.500,  0.000,  0.000,  0.000,  0.250,  0.250, -0.500,  1.000,  1.000,  1.000,  1.000,  0.000, -0.250,  1.500,  1.500 
     6030,  2,    60,   -12,  2,  3,  1,  1,  2.750,  0.000, -2.750, -0.500, -1.000,  0.000,  0.000 
     6030,  3,    50,   -12,  3,  3,  1,  1,  4.750,  0.000,  0.250, -1.000, -1.000, -1.500,  1.250,  0.250,  0.000,  0.000 
     6035,  0,    70,     4,  3,  6,  1,  1,  1.250, -0.250,  0.000,  0.000, -0.500, -0.750, -0.750, -1.000, -0.500,  0.000, -0.250, -0.750, -0.750, -1.000, -1.000,  0.500, -0.250,  0.000,  0.000 
     6035,  1,    57,     4,  4,  5,  1,  1,  3.500, -1.000, -1.250, -1.250, -1.000, -1.250, -1.500,  0.000,  0.000,  0.000,  0.250,  0.250, -0.500,  1.000,  1.000,  1.000,  1.000,  0.250, -0.250,  1.500,  1.500 
     6035,  2,    60,   -12,  2,  3,  1,  1,  2.750,  0.000, -2.750, -0.500, -1.000,  0.000,  0.000 
     6035,  3,    50,   -12,  3,  3,  1,  1,  4.750,  0.000,  0.250, -1.000, -1.000, -1.500,  1.250,  0.250,  0.000,  0.000 
     6040,  0,    70,     4,  3,  6,  1,  1,  1.250, -0.250,  0.000,  0.000, -0.500, -0.750, -0.750, -1.000, -0.500,  0.000, -0.250, -0.750, -0.750, -1.000, -1.000,  0.500, -0.250,  0.000,  0.000 
     6040,  1,    57,     4,  4,  5,  1,  1,  3.500, -1.000, -1.250, -1.250, -1.000, -1.250, -1.500,  0.000,  0.000,  0.000,  0.250,  0.250, -0.500,  1.000,  1.000,  1.000,  1.000,  0.250, -0.250,  1.500,  1.500 
     6040,  2,    60,   -12,  2,  3,  1,  1,  2.750,  0.000, -2.750, -0.500, -1.000,  0.000,  0.000 
     6040,  3,    50,   -12,  3,  3,  1,  1,  4.750,  0.000,  0.250, -1.000, -1.000, -1.500,  1.250,  0.250,  0.000,  0.000 
     6045,  0,    70,     4,  3,  6,  1,  1,  1.250, -0.250,  0.000,  0.000, -0.500, -0.750, -0.750, -1.000, -0.500,  0.000, -0.250, -0.750, -0.750, -1.000, -1.000,  0.500, -0.250,  0.000,  0.000 
     6045,  1,    57,     4,  4,  5,  1,  1,  3.500, -1.000, -1.250, -1.250, -1.000, -1.250, -1.500,  0.000,  0.000,  0.000,  0.250,  0.250, -0.500,  1.000,  1.000,  1.000,  1.000,  0.250, -0.250,  1.500,  1.500 
     6045,  2,    60,   -12,  2,  3,  1,  1,  2.750,  0.000, -2.750, -0.500, -1.000,  0.000,  0.000 
     6045,  3,    50,   -12,  3,  3,  1,  1,  4.750,  0.000,  0.250, -1.000, -1.000, -1.500,  1.250,  0.250,  0.000,  0.000 
     6050,  0,    70,     4,  3,  6,  1,  1,  1.250, -0.250,  0.000,  0.000, -0.500, -0.750, -0.750, -1.000, -0.500,  0.000, -0.250, -0.750, -0.750, -1.000, -1.000,  0.500, -0.250,  0.000,  0.000 
     6050,  1,    57,     4,  4,  5,  1,  1,  3.500, -1.000, -1.250, -1.250, -1.000, -1.250, -1.500,  0.000,  0.000,  0.000,  0.250,  0.250, -0.500,  1.000,  1.000,  1.000,  1.000,  0.250, -0.250,  1.500,  1.500 
     6050,  2,    60,   -12,  2,  3,  1,  1,  2.750,  0.000, -2.750, -0.500, -1.000,  0.000,  0.000 
     6050,  3,    50,   -12,  3,  3,  1,  1,  4.750,  0.000,  0.250, -1.000, -1.000, -1.500,  1.250,  0.250,  0.000,  0.000 
     6055,  0,    70,     4,  3,  6,  1,  1,  1.250, -0.250,  0.000,  0.000, -0.500, -0.750, -0.750, -1.000, -0.500,  0.000, -0.250, -0.750, -0.750, -1.000, -1.000,  0.500, -0.250,  0.000,  0.000 
     6055,  1,    57,     4,  4,  5,  1,  1,  3.500, -1.000, -1.250, -1.250, -1.000, -1.250, -1.500,  0.000,  0.000,  0.000,  0.250,  0.250, -0.500,  1.000,  1.000,  1.000,  1.000,  0.250, -0.250,  1.500,  1.500 
     6055,  2,    60,   -12,  2,  3,  1,  1,  2.750,  0.000, -2.750, -0.500, -1.000,  0.000,  0.000 
     6055,  3,    50,   -12,  3,  3,  1,  1,  4.750,  0.000,  0.250, -1.000, -1.000, -1.500,  1.250,  0.250,  0.000,  0.000 
     6060,  0,    70,     4,  3,  6,  1,  1,  1.250, -0.250,  0.000, -0.250, -0.500, -0.750, -0.750, -1.000, -0.500, -0.250, -0.500, -0.750, -0.750, -1.000, -1.000,  0.500, -0.250,  0.000,  0.000 
     6060,  1,    57,     4,  4,  5,  1,  1,  3.500, -1.000, -1.250, -1.250, -1.000, -1.250, -1.500,  0.000, -0.250,  0.000,  0.250,  0.250, -0.500,  1.000,  1.000,  1.000,  1.250,  0.000, -0.250,  1.500,  1.500 
     6060,  2,    60,   -12,  2,  3,  1,  1,  3.000,  0.000, -2.500, -0.500, -1.000,  0.000,  0.000 
     6060,  3,    50,   -12,  3,  3,  1,  1,  4.750,  0.000,  0.250, -1.000, -1.000, -1.250,  1.250,  0.250,  0.000,  0.000 
     6065,  0,    70,     4,  3,  6,  1,  1,  1.250, -0.250,  0.000, -0.250, -0.500, -0.750, -0.750, -1.000, -0.500, -0.250, -0.500, -0.750, -0.750, -1.000, -1.000,  0.500, -0.250,  0.000,  0.000 
     6065,  1,    57,     4,  4,  5,  1,  1,  3.500, -1.000, -1.250, -1.250, -1.000, -1.250, -1.500,  0.000, -0.250,  0.000,  0.250,  0.250, -0.500,  1.000,  1.000,  1.000,  1.250,  0.000, -0.250,  1.500,  1.500 
     6065,  2,    60,   -12,  2,  3,  1,  1,  3.000,  0.000, -2.500, -0.500, -1.000,  0.000,  0.000 
     6065,  3,    50,   -12,  3,  3,  1,  1,  4.750,  0.000,  0.250, -1.000, -1.000, -1.250,  1.250,  0.250,  0.000,  0.000 
     6070,  0,    70,     4,  3,  6,  1,  1,  1.250, -0.250,  0.000, -0.250, -0.500, -0.750, -0.750, -1.000, -0.500, -0.250, -0.500, -0.750, -0.750, -1.000, -1.000,  0.500, -0.250,  0.000,  0.000 
     6070,  1,    57,     4,  4,  5,  1,  1,  3.500, -1.000, -1.250, -1.250, -1.000, -1.250, -1.500,  0.000, -0.250,  0.000,  0.250,  0.250, -0.500,  1.000,  1.000,  1.000,  1.250,  0.000, -0.250,  1.500,  1.500 
     6070,  2,    60,   -12,  2,  3,  1,  1,  3.000,  0.000, -2.500, -0.500, -1.000,  0.000,  0.000 
     6070,  3,    50,   -12,  3,  3,  1,  1,  4.750,  0.000,  0.250, -1.000, -1.000, -1.250,  1.250,  0.250,  0.000,  0.000 
     6075,  0,    70,     4,  3,  6,  1,  1,  1.250, -0.250,  0.000, -0.250, -0.500, -0.750, -0.750, -1.000, -0.500, -0.250, -0.500, -0.750, -0.750, -1.000, -1.000,  0.500, -0.250,  0.000,  0.000 
     6075,  1,    57,     4,  4,  5,  1,  1,  3.500, -1.000, -1.250, -1.250, -1.000, -1.000, -1.500,  0.000,  0.000,  0.000,  0.250,  0.250, -0.500,  1.000,  1.000,  1.000,  1.250, -0.250, -0.250,  1.500,  1.500 
     6075,  2,    60,   -12,  2,  3,  1,  1,  3.000,  0.000, -2.500, -0.750, -1.000,  0.000,  0.000 
     6075,  3,    50,   -12,  3,  3,  1,  1,  4.750,  0.000,  0.250, -1.000, -1.000, -1.250,  1.250,  0.250,  0.000,  0.000 
     6080,  0,    70,     4,  3,  6,  1,  1,  1.250, -0.250,  0.000, -0.250, -0.500, -0.750, -0.750, -1.000, -0.500, -0.250, -0.500, -0.750, -0.750, -1.000, -1.000,  0.500, -0.250,  0.000,  0.000 
     6080,  1,    57,     4,  4,  5,  1,  1,  3.500, -1.000, -1.250, -1.250, -1.000, -1.250, -1.500,  0.000, -0.250,  0.000,  0.250,  0.250, -0.500,  1.000,  1.000,  1.000,  1.250, -0.250,  0.000,  1.500,  1.500 
     6080,  2,    60,   -12,  2,  3,  1,  1,  2.750,  0.000, -2.250, -1.000, -1.000,  0.000,  0.000 
     6080,  3,    50,   -12,  3,  3,  1,  1,  4.750,  0.000,  0.250, -1.000, -1.000, -1.250,  1.250,  0.250,  0.000,  0.000 
     6085,  0,    70,     4,  3,  6,  1,  1,  1.250, -0.250,  0.000, -0.250, -0.500, -0.750, -0.750, -1.000, -0.500, -0.250, -0.500, -0.750, -0.750, -1.000, -1.000,  0.500, -0.250,  0.000,  0.000 
     6085,  1,    57,     4,  4,  5,  1,  1,  3.500, -1.000, -1.250, -1.250, -1.000, -1.250, -1.500,  0.000, -0.250,  0.000,  0.250,  0.250, -0.500,  1.000,  1.000,  1.000,  1.250, -0.250,  0.000,  1.500,  1.500 
     6085,  2,    60,   -12,  2,  3,  1,  1,  2.750,  0.000, -2.250, -1.000, -1.000,  0.000,  0.000 
     6085,  3,    50,   -12,  3,  3,  1,  1,  4.750,  0.000,  0.250, -1.000, -1.000, -1.250,  1.250,  0.250,  0.000,  0.000 
     6090,  0,    70,     4,  3,  6,  1,  1,  1.250, -0.250,  0.000,  0.000, -0.500, -0.750, -0.750, -1.000, -0.500, -0.250, -0.500, -0.750, -0.750, -1.000, -1.000,  0.500, -0.250,  0.000,  0.000 
     6090,  1,    57,     4,  4,  5,  1,  1,  3.500, -1.000, -1.250, -1.250, -1.000, -1.000, -1.500,  0.000,  0.000,  0.000,  0.250,  0.250, -0.500,  1.000,  1.000,  1.000,  1.000,  0.000,  0.000,  1.500,  1.500 
     6090,  2,    60,   -12,  2,  3,  1,  1,  2.750,  0.000, -2.250, -1.000, -1.000,  0.000,  0.000 
     6090,  3,    50,   -12,  3,  3,  1,  1,  4.750,  0.000,  0.250, -1.000, -1.000, -1.250,  1.250,  0.250,  0.000,  0.000 
     6095,  0,    70,     4,  3,  6,  1,  1,  1.250,  0.000,  0.250,  0.000,  0.000, -0.750, -1.000, -1.000, -1.000, -0.250, -0.500, -0.750, -0.750, -0.750, -1.000,  0.500, -0.250,  0.000, -0.250 
     6095,  1,    57,     4,  4,  5,  1,  1,  3.500, -1.000, -1.250, -1.250, -1.000, -1.000, -1.500,  0.000,  0.000,  0.000,  0.250,  0.250, -0.500,  1.000,  1.000,  1.000,  1.000,  0.000,  0.000,  1.500,  1.500 
     6095,  2,    60,   -12,  2,  3,  1,  1,  3.000,  0.000, -2.250, -1.000, -0.750,  0.000,  0.000 
     6095,  3,    50,   -12,  3,  3,  1,  1,  4.750,  0.000,  0.250, -1.000, -1.000, -1.250,  1.250,  0.250,  0.000,  0.000 
     6100,  0,    70,     4,  3,  6,  1,  1,  1.250, -0.250,  0.000,  0.000, -0.500, -0.750, -0.750, -1.000, -0.500, -0.250, -0.500, -0.750, -0.750, -1.000, -1.000,  0.500, -0.250,  0.000,  0.000 
     6100,  1,    57,     4,  4,  5,  1,  1,  3.500, -1.000, -1.250, -1.250, -1.000, -1.000, -1.500,  0.000,  0.000,  0.000,  0.250,  0.250, -0.500,  1.000,  1.000,  1.000,  1.000,  0.000,  0.000,  1.500,  1.500 
     6100,  2,    60,   -12,  2,  3,  1,  1,  2.750,  0.000, -2.250, -1.000, -1.000,  0.000,  0.000 
     6100,  3,    50,   -12,  3,  3,  1,  1,  4.750,  0.000,  0.250, -1.000, -1.000, -1.250,  1.250,  0.250,  0.000,  0.000 
     6105,  0,    70,     4,  3,  6,  1,  1,  1.250, -0.250,  0.000,  0.000, -0.500, -0.750, -0.750, -1.000, -0.500, -0.250, -0.500, -0.750, -0.750, -1.000, -1.000,  0.500, -0.250,  0.000,  0.000 
     6105,  1,    57,     4,  4,  5,  1,  1,  3.500, -1.000, -1.250, -1.250, -1.000, -1.000, -1.500,  0.000,  0.000,  0.000,  0.250,  0.250, -0.500,  1.000,  1.000,  1.000,  1.000,  0.000,  0.000,  1.500,  1.500 
     6105,  2,    60,   -12,  2,  3,  1,  1,  2.750,  0.000, -2.250, -1.000, -1.000,  0.000,  0.000 
     6105,  3,    50,   -12,  3,  3,  1,  1,  4.750,  0.000,  0.250, -1.000, -1.000, -1.250,  1.250,  0.250,  0.000,  0.000 
     6110,  0,    70,     4,  3,  6,  1,  1,  1.250, -0.500, -0.750, -0.750, -1.000,  0.000,  0.000,  0.000, -0.500, -0.500, -0.500, -0.750, -1.000, -1.250, -1.250,  0.500,  0.000,  0.000,  0.000 
     6110,  1,    57,     4,  4,  5,  1,  1,  3.500, -1.000, -1.250, -1.250, -1.000, -1.000, -1.500,  0.000,  0.000,  0.000,  0.250,  0.250, -0.500,  1.000,  1.000,  1.000,  1.000,  0.250,  0.000,  1.500,  1.500 
     6110,  2,    60,   -12,  2,  3,  1,  1,  2.750,  0.000, -2.250, -1.000, -1.000,  0.000,  0.000 
     6110,  3,    50,   -12,  3,  3,  1,  1,  4.750,  0.000,  0.250, -1.000, -1.000, -1.250,  1.250,  0.250,  0.000,  0.000 
     6115,  0,    70,     4,  3,  6,  1,  1,  1.250, -0.250,  0.000,  0.000, -0.500, -0.750, -0.750, -1.000, -0.500, -0.250, -0.500, -0.750, -0.750, -1.000, -1.000,  0.500, -0.250,  0.000,  0.000 
     6115,  1,    57,     4,  4,  5,  1,  1,  3.500, -1.000, -1.250, -1.250, -1.000, -1.000, -1.500,  0.000,  0.000,  0.000,  0.250,  0.250, -0.500,  1.000,  1.000,  1.000,  1.000,  0.000,  0.000,  1.500,  1.500 
     6115,  2,    60,   -12,  2,  3,  1,  1,  2.750,  0.000, -2.250, -1.000, -1.000,  0.000,  0.000 
     6115,  3,    50,   -12,  3,  3,  1,  1,  4.750,  0.000,  0.250, -1.000, -1.000, -1.250,  1.250,  0.250,  0.000,  0.000 
     6120,  0,    70,     4,  3,  6,  1,  1,  1.250, -0.500,  0.000,  0.000, -0.500, -0.750, -0.750, -0.750, -0.500, -0.250, -0.500, -0.750, -0.750, -1.000, -1.000,  0.500, -0.250,  0.000,  0.000 
     6120,  1,    57,     4,  4,  5,  1,  1,  3.500, -1.000, -1.250, -1.250, -1.000, -1.000, -1.500,  0.000, -0.250,  0.000,  0.250,  0.250, -0.500,  1.000,  1.000,  1.000,  1.000,  0.000,  0.000,  1.750,  1.500 
     6120,  2,    60,   -12,  2,  3,  1,  1,  2.750,  0.000, -2.500, -1.000, -0.750,  0.000,  0.000 
     6120,  3,    50,   -12,  3,  3,  1,  1,  4.750,  0.000,  0.250, -1.000, -1.000, -1.500,  1.250,  0.250,  0.000,  0.000 
     6125,  0,    70,     4,  3,  6,  1,  1,  1.250, -0.500,  0.000,  0.000, -0.500, -0.750, -0.750, -0.750, -0.500, -0.250, -0.500, -0.750, -0.750, -1.000, -1.000,  0.500, -0.250,  0.000,  0.000 
     6125,  1,    57,     4,  4,  5,  1,  1,  3.500, -1.000, -1.250, -1.250, -1.000, -1.000, -1.500,  0.000, -0.250,  0.000,  0.250,  0.250, -0.500,  1.000,  1.000,  1.000,  1.000,  0.000,  0.000,  1.750,  1.500 
     6125,  2,    60,   -12,  2,  3,  1,  1,  2.750,  0.000, -2.500, -1.000, -0.750,  0.000,  0.000 
     6125,  3,    50,   -12,  3,  3,  1,  1,  4.750,  0.000,  0.250, -1.000, -1.000, -1.500,  1.250,  0.250,  0.000,  0.000 
     6130,  0,    70,     4,  3,  6,  1,  1,  1.250, -0.500, -0.750, -0.750, -0.750,  0.000,  0.000,  0.000, -0.250,  0.500, -0.250, -0.500, -1.000, -1.250, -1.250,  0.500,  0.000,  0.250,  0.000 
     6130,  1,    57,     4,  4,  5,  1,  1,  3.250, -0.500, -1.250, -1.500, -1.750, -2.000, -1.750,  0.000,  0.000,  0.250,  0.250,  0.000, -0.500,  1.250,  1.250,  1.000,  1.000,  0.250,  0.000,  2.000,  1.750 
     6130,  2,    60,   -12,  2,  3,  1,  1,  3.500,  0.000,  0.000,  0.000, -1.750,  0.000,  0.000 
     6130,  3,    50,   -12,  3,  3,  1,  1,  4.750,  0.000,  0.000, -1.000, -1.000, -1.500,  1.000,  0.250,  0.000,  0.000 
     6135,  0,    70,     4,  3,  6,  1,  1,  1.250, -0.500,  0.000,  0.000, -0.500, -0.750, -0.750, -1.000, -0.500, -0.250, -0.500, -0.750, -0.750, -1.000, -1.000,  0.500, -0.250,  0.000,  0.000 
     6135,  1,    57,     4,  4,  5,  1,  1,  3.500, -1.000, -1.250, -1.250, -1.000, -1.000, -1.500,  0.000, -0.250,  0.000,  0.250,  0.250, -0.500,  1.000,  1.000,  1.000,  1.000,  0.250,  0.000,  1.750,  1.500 
     6135,  2,    60,   -12,  2,  3,  1,  1,  2.750,  0.000, -2.500, -1.000, -0.750,  0.000,  0.000 
     6135,  3,    50,   -12,  3,  3,  1,  1,  4.750,  0.000,  0.000, -1.000, -1.000, -1.500,  1.000,  0.250,  0.000,  0.000 
     6140,  0,    70,     4,  3,  6,  1,  1,  1.250, -0.500,  0.000,  0.000, -0.500, -0.750, -0.750, -1.000, -0.500, -0.250, -0.500, -0.750, -0.750, -1.000, -1.000,  0.500, -0.250,  0.000,  0.000 
     6140,  1,    57,     4,  4,  5,  1,  1,  3.500, -1.000, -1.250, -1.250, -1.000, -1.000, -1.500,  0.000, -0.250,  0.000,  0.250,  0.250, -0.500,  1.000,  1.000,  1.000,  1.000,  0.250,  0.000,  1.750,  1.500 
     6140,  2,    60,   -12,  2,  3,  1,  1,  2.750,  0.000, -2.500, -1.000, -0.750,  0.000,  0.000 
     6140,  3,    50,   -12,  3,  3,  1,  1,  4.750,  0.000,  0.000, -1.000, -1.000, -1.500,  1.000,  0.250,  0.000,  0.000 
     6145,  0,    70,     4,  3,  6,  1,  1,  1.250, -0.500,  0.000,  0.000, -0.500, -0.750, -0.750, -1.000, -0.500, -0.250, -0.500, -0.750, -0.750, -1.000, -1.000,  0.500, -0.250,  0.000,  0.000 
     6145,  1,    57,     4,  4,  5,  1,  1,  3.500, -1.000, -1.250, -1.250, -1.000, -1.000, -1.500,  0.000, -0.250,  0.000,  0.250,  0.250, -0.500,  1.000,  1.000,  1.000,  1.000,  0.250,  0.000,  1.750,  1.500 
     6145,  2,    60,   -12,  2,  3,  1,  1,  2.750,  0.000, -2.500, -1.000, -0.750,  0.000,  0.000 
     6145,  3,    50,   -12,  3,  3,  1,  1,  4.750,  0.000,  0.000, -1.000, -1.000, -1.500,  1.000,  0.250,  0.000,  0.000 
     6150,  0,    70,     4,  3,  6,  1,  1,  1.250, -0.250,  0.000,  0.000, -0.500, -0.750, -0.750, -0.750, -0.500, -0.250, -0.250, -0.500, -0.750, -1.000, -1.000,  0.500, -0.250,  0.000,  0.000 
     6150,  1,    57,     4,  4,  5,  1,  1,  3.250, -0.750, -1.000, -1.000, -0.750, -1.000, -1.250,  0.000,  0.000,  0.250,  0.250,  0.250, -0.250,  1.250,  1.250,  1.000,  1.000,  0.250,  0.000,  0.000,  0.000 
     6150,  2,    60,   -12,  2,  3,  1,  1,  2.750,  0.000, -2.500, -1.250, -0.750,  0.000,  0.000 
     6150,  3,    50,   -12,  3,  3,  1,  1,  4.500,  0.000,  0.500, -0.750, -0.750,  0.000,  0.000,  0.750,  0.500,  0.000 
     6155,  0,    70,     4,  3,  6,  1,  1,  1.250, -0.250,  0.000,  0.000, -0.500, -0.750, -0.750, -0.750, -0.500, -0.250, -0.250, -0.500, -0.750, -1.000, -1.000,  0.500, -0.250,  0.000,  0.000 
     6155,  1,    57,     4,  4,  5,  1,  1,  3.250, -0.750, -1.000, -1.000, -0.750, -1.000, -1.250,  0.000,  0.000,  0.250,  0.250,  0.250, -0.250,  1.250,  1.250,  1.000,  1.000,  0.250,  0.000,  0.000,  0.000 
     6155,  2,    60,   -12,  2,  3,  1,  1,  2.750,  0.000, -2.500, -1.250, -0.750,  0.000,  0.000 
     6155,  3,    50,   -12,  3,  3,  1,  1,  4.500,  0.000,  0.500, -0.750, -0.750,  0.000,  0.000,  0.500,  0.500,  0.000 
     6160,  0,    70,     4,  3,  6,  1,  1,  1.250, -0.250,  0.000,  0.000, -0.500, -0.750, -0.750, -0.750, -0.500, -0.250, -0.250, -0.500, -0.750, -1.000, -1.000,  0.500, -0.250,  0.000,  0.000 
     6160,  1,    57,     4,  4,  5,  1,  1,  3.250, -0.750, -1.000, -1.000, -0.750, -1.000, -1.250,  0.000,  0.000,  0.250,  0.250,  0.250, -0.250,  1.250,  1.250,  1.000,  1.000,  0.250,  0.000,  0.000,  0.000 
     6160,  2,    60,   -12,  2,  3,  1,  1,  2.750,  0.000, -2.500, -1.250, -0.750,  0.000,  0.000 
     6160,  3,    50,   -12,  3,  3,  1,  1,  4.500,  0.000,  0.500, -0.750, -0.750,  0.000,  0.000,  0.500,  0.500,  0.000 
     6165,  0,    70,     4,  3,  6,  1,  1,  1.250, -0.250,  0.000,  0.000, -0.500, -0.750, -0.750, -0.750, -0.500, -0.250, -0.250, -0.500, -0.750, -1.000, -1.000,  0.500, -0.250,  0.000,  0.000 
     6165,  1,    57,     4,  4,  5,  1,  1,  3.250, -0.750, -1.000, -1.000, -0.750, -1.000, -1.250,  0.000,  0.000,  0.250,  0.250,  0.250, -0.250,  1.250,  1.250,  1.000,  1.000,  0.250,  0.000,  0.000,  0.000 
     6165,  2,    60,   -12,  2,  3,  1,  1,  2.750,  0.000, -2.500, -1.250, -0.750,  0.000,  0.000 
     6165,  3,    50,   -12,  3,  3,  1,  1,  4.500,  0.000,  0.500, -0.750, -0.750,  0.000,  0.000,  0.500,  0.500,  0.000 
     6170,  0,    70,     4,  3,  6,  1,  1,  1.250, -0.250,  0.000,  0.000, -0.500, -0.750, -0.750, -0.750, -0.500, -0.250, -0.250, -0.500, -0.750, -1.000, -1.000,  0.500, -0.250,  0.000,  0.000 
     6170,  1,    57,     4,  4,  5,  1,  1,  3.250, -0.750, -1.000, -1.000, -0.750, -1.000, -1.250,  0.000,  0.000,  0.250,  0.250,  0.250, -0.250,  1.250,  1.250,  1.000,  1.000,  0.250,  0.000,  0.000,  0.000 
     6170,  2,    60,   -12,  2,  3,  1,  1,  2.750,  0.000, -2.500, -1.250, -0.750,  0.000,  0.000 
     6170,  3,    50,   -12,  3,  3,  1,  1,  4.500,  0.000,  0.500, -0.750, -0.750,  0.000,  0.000,  0.500,  0.500,  0.000 
     6175,  0,    70,     4,  3,  6,  1,  1,  1.250, -0.250,  0.000,  0.000, -0.500, -0.750, -0.750, -0.750, -0.500, -0.250, -0.250, -0.500, -0.750, -1.000, -1.000,  0.500, -0.250,  0.000,  0.000 
     6175,  1,    57,     4,  4,  5,  1,  1,  3.250, -0.750, -1.000, -1.000, -0.750, -1.000, -1.250,  0.000,  0.000,  0.250,  0.250,  0.250, -0.250,  1.250,  1.250,  1.000,  1.000,  0.250,  0.000,  0.000,  0.000 
     6175,  2,    60,   -12,  2,  3,  1,  1,  2.750,  0.000, -2.500, -1.250, -0.750,  0.000,  0.000 
     6175,  3,    50,   -12,  3,  3,  1,  1,  4.500,  0.000,  0.500, -0.750, -0.750,  0.000,  0.000,  0.750,  0.500,  0.000 
     6180,  0,    70,     4,  3,  6,  1,  1,  1.250, -0.250,  0.000,  0.000, -0.500, -0.750, -0.750, -0.750, -0.500, -0.250, -0.500, -0.500, -0.750, -1.000, -1.000,  0.500, -0.250,  0.000,  0.000 
     6180,  1,    57,     4,  4,  5,  1,  1,  3.250, -0.750, -1.000, -1.000, -0.750, -1.000, -1.250,  0.000,  0.000,  0.250,  0.250,  0.250, -0.250,  1.250,  1.250,  1.000,  1.000,  0.250,  0.000,  0.000,  0.000 
     6180,  2,    60,   -12,  2,  3,  1,  1,  2.750,  0.000, -2.500, -1.250, -1.000,  0.000,  0.000 
     6180,  3,    50,   -12,  3,  3,  1,  1,  4.500,  0.000,  0.500, -0.750, -1.000,  0.000,  0.000,  0.500,  0.500,  0.000 
     6185,  0,    70,     4,  3,  6,  1,  1,  1.250, -0.250,  0.000,  0.000, -0.500, -0.750, -0.750, -0.750, -0.500, -0.250, -0.500, -0.500, -0.750, -1.000, -1.000,  0.500, -0.250,  0.000,  0.000 
     6185,  1,    57,     4,  4,  5,  1,  1,  3.250, -0.750, -1.000, -1.000, -0.750, -1.000, -1.250,  0.000,  0.000,  0.250,  0.250,  0.250, -0.250,  1.250,  1.250,  1.000,  1.000,  0.250,  0.000,  0.000,  0.000 
     6185,  2,    60,   -12,  2,  3,  1,  1,  2.750,  0.000, -2.500, -1.250, -1.000,  0.000,  0.000 
     6185,  3,    50,   -12,  3,  3,  1,  1,  4.500,  0.000,  0.500, -0.750, -1.000,  0.000,  0.000,  0.500,  0.500,  0.000 
     6190,  0,    70,     4,  3,  6,  1,  1,  1.250, -0.250,  0.000,  0.000, -0.500, -0.750, -0.750, -0.750, -0.500, -0.250, -0.500, -0.500, -0.750, -1.000, -1.000,  0.500, -0.250,  0.000,  0.000 
     6190,  1,    57,     4,  4,  5,  1,  1,  3.250, -0.750, -1.000, -1.000, -0.750, -1.000, -1.250,  0.000,  0.000,  0.250,  0.250,  0.250, -0.250,  1.250,  1.250,  1.000,  1.000,  0.500,  0.000,  0.000,  0.000 
     6190,  2,    60,   -12,  2,  3,  1,  1,  2.750,  0.000, -2.500, -1.250, -1.000,  0.000,  0.000 
     6190,  3,    50,   -12,  3,  3,  1,  1,  4.500,  0.000,  0.500, -0.750, -1.000,  0.000,  0.000,  0.500,  0.500,  0.000 
     6195,  0,    70,     4,  3,  6,  1,  1,  1.250, -0.250,  0.000,  0.000, -0.500, -0.750, -0.750, -0.750, -0.500, -0.250, -0.500, -0.500, -0.750, -1.000, -1.000,  0.500, -0.250,  0.000,  0.000 
     6195,  1,    57,     4,  4,  5,  1,  1,  3.250, -0.750, -1.000, -1.000, -0.750, -1.000, -1.250,  0.000,  0.000,  0.250,  0.250,  0.250, -0.250,  1.250,  1.250,  1.000,  1.000,  0.500,  0.000,  0.000,  0.000 
     6195,  2,    60,   -12,  2,  3,  1,  1,  2.750,  0.000, -2.500, -1.250, -1.000,  0.000,  0.000 
     6195,  3,    50,   -12,  3,  3,  1,  1,  4.500,  0.000,  0.500, -0.750, -1.000,  0.000,  0.000,  0.500,  0.500,  0.000 
     6200,  0,    70,     4,  3,  6,  1,  1,  1.250, -0.250,  0.000,  0.000, -0.500, -0.750, -0.750, -0.750, -0.500, -0.250, -0.500, -0.500, -0.750, -1.000, -1.000,  0.500, -0.250,  0.000,  0.000 
     6200,  1,    57,     4,  4,  5,  1,  1,  3.250, -0.750, -1.000, -1.000, -0.750, -1.000, -1.250,  0.000,  0.000,  0.250,  0.250,  0.250, -0.250,  1.250,  1.250,  1.000,  1.000,  0.500,  0.000,  0.000,  0.000 
     6200,  2,    60,   -12,  2,  3,  1,  1,  2.750,  0.000, -2.500, -1.250, -1.000,  0.000,  0.000 
     6200,  3,    50,   -12,  3,  3,  1,  1,  4.500,  0.000,  0.500, -0.750, -1.000,  0.000,  0.000,  0.500,  0.500,  0.000 
     6205,  0,    70,     4,  3,  6,  1,  1,  1.250, -0.250,  0.000,  0.000, -0.500, -0.750, -0.750, -0.750, -0.500, -0.250, -0.500, -0.500, -0.750, -1.000, -1.000,  0.500, -0.250,  0.000,  0.000 
     6205,  1,    57,     4,  4,  5,  1,  1,  3.250, -0.750, -1.000, -1.000, -0.750, -1.000, -1.250,  0.000,  0.000,  0.250,  0.250,  0.250, -0.250,  1.250,  1.250,  1.000,  1.000,  0.500,  0.000,  0.000,  0.000 
     6205,  2,    60,   -12,  2,  3,  1,  1,  2.750,  0.000, -2.500, -1.250, -1.000,  0.000,  0.000 
     6205,  3,    50,   -12,  3,  3,  1,  1,  4.500,  0.000,  0.500, -0.750, -1.000,  0.000,  0.000,  0.500,  0.500,  0.000 
     6210,  0,    70,     4,  3,  6,  1,  1,  1.250, -0.500, -0.250,  0.000, -0.500, -0.750, -0.750, -0.750, -0.500, -0.250, -0.500, -0.500, -0.750, -1.000, -1.000,  0.500, -0.250,  0.000,  0.000 
     6210,  1,    57,     4,  4,  5,  1,  1,  3.500, -1.000, -1.250, -1.250, -1.000, -1.250, -1.500,  0.000, -0.250,  0.000,  0.250,  0.000, -0.500,  1.000,  1.000,  1.000,  1.000,  0.250,  0.000,  1.750,  1.500 
     6210,  2,    60,   -12,  2,  3,  1,  1,  2.750,  0.000, -2.000, -1.250, -1.000,  0.000,  0.000 
     6210,  3,    50,   -12,  3,  3,  1,  1,  4.750,  0.000,  0.000, -0.750, -1.000, -1.250,  1.000,  0.250,  0.000,  0.000 
     6215,  0,    70,     4,  3,  6,  1,  1,  1.250, -0.500, -0.250,  0.000, -0.500, -0.750, -0.750, -0.750, -0.500, -0.250, -0.500, -0.500, -0.750, -1.000, -1.000,  0.500, -0.250,  0.000,  0.000 
     6215,  1,    57,     4,  4,  5,  1,  1,  3.500, -1.000, -1.250, -1.250, -1.000, -1.250, -1.500,  0.000, -0.250,  0.000,  0.250,  0.000, -0.500,  1.000,  1.000,  1.000,  1.000,  0.250,  0.000,  1.750,  1.500 
     6215,  2,    60,   -12,  2,  3,  1,  1,  2.750,  0.000, -2.000, -1.250, -1.000,  0.000,  0.000 
     6215,  3,    50,   -12,  3,  3,  1,  1,  4.750,  0.000,  0.000, -0.750, -1.000, -1.250,  1.000,  0.250,  0.000,  0.000 
     6220,  0,    70,     4,  3,  6,  1,  1,  1.250, -0.500, -0.250,  0.000, -0.500, -0.750, -0.750, -0.750, -0.500, -0.250, -0.500, -0.500, -0.750, -1.000, -1.000,  0.500, -0.250,  0.000,  0.000 
     6220,  1,    57,     4,  4,  5,  1,  1,  3.500, -1.000, -1.250, -1.250, -1.000, -1.250, -1.500,  0.000, -0.250,  0.000,  0.250,  0.000, -0.500,  1.000,  1.000,  1.000,  1.000,  0.250,  0.000,  1.750,  1.500 
     6220,  2,    60,   -12,  2,  3,  1,  1,  2.750,  0.000, -2.000, -1.250, -1.000,  0.000,  0.000 
     6220,  3,    50,   -12,  3,  3,  1,  1,  4.750,  0.000,  0.000, -0.750, -1.000, -1.250,  1.000,  0.250,  0.000,  0.000 
     6225,  0,    70,     4,  3,  6,  1,  1,  1.250, -0.500, -0.250,  0.000, -0.500, -0.750, -0.750, -0.750, -0.500, -0.250, -0.500, -0.500, -0.750, -1.000, -1.000,  0.500, -0.250,  0.000,  0.000 
     6225,  1,    57,     4,  4,  5,  1,  1,  3.500, -1.000, -1.250, -1.250, -1.000, -1.250, -1.500,  0.000, -0.250,  0.000,  0.250,  0.000, -0.500,  1.000,  1.000,  1.000,  1.000,  0.250,  0.000,  1.750,  1.500 
     6225,  2,    60,   -12,  2,  3,  1,  1,  2.750,  0.000, -2.000, -1.250, -1.000,  0.000,  0.000 
     6225,  3,    50,   -12,  3,  3,  1,  1,  4.750,  0.000,  0.000, -0.750, -1.000, -1.250,  1.000,  0.250,  0.000,  0.000 
     6230,  0,    70,     4,  3,  6,  1,  1,  1.250, -0.500, -0.250,  0.000, -0.500, -0.500, -0.750, -0.750, -0.500, -0.250, -0.500, -0.500, -0.750, -1.000, -1.000,  0.500, -0.250,  0.000,  0.000 
     6230,  1,    57,     4,  4,  5,  1,  1,  3.500, -1.000, -1.250, -1.250, -1.000, -1.250, -1.500, -0.250, -0.250,  0.000,  0.250,  0.000, -0.500,  1.000,  1.000,  1.000,  1.000,  0.250,  0.000,  1.750,  1.500 
     6230,  2,    60,   -12,  2,  3,  1,  1,  2.750,  0.000, -2.000, -1.250, -1.000,  0.000,  0.000 
     6230,  3,    50,   -12,  3,  3,  1,  1,  4.750,  0.000,  0.000, -0.750, -1.000, -1.250,  1.000,  0.250,  0.000,  0.000 
     6235,  0,    70,     4,  3,  6,  1,  1,  1.250, -0.500, -0.250,  0.000, -0.500, -0.500, -0.750, -0.750, -0.500, -0.250, -0.500, -0.500, -0.750, -1.000, -1.000,  0.500, -0.250,  0.000,  0.000 
     6235,  1,    57,     4,  4,  5,  1,  1,  3.500, -1.000, -1.250, -1.250, -1.000, -1.250, -1.500, -0.250, -0.250,  0.000,  0.250,  0.000, -0.500,  1.000,  1.000,  1.000,  1.000,  0.250,  0.000,  1.750,  1.500 
     6235,  2,    60,   -12,  2,  3,  1,  1,  2.750,  0.000, -2.000, -1.250, -1.000,  0.000,  0.000 
     6235,  3,    50,   -12,  3,  3,  1,  1,  4.750,  0.000,  0.000, -0.750, -1.000, -1.250,  1.000,  0.250,  0.000,  0.000 
     6245,  0,    70,     4,  3,  6,  1,  1,  1.250, -0.500, -0.250,  0.000, -0.500, -0.500, -0.500, -0.750, -0.500, -0.250, -0.500, -0.500, -0.750, -1.000, -1.000,  0.500, -0.250,  0.000,  0.000 
     6245,  1,    57,     4,  4,  5,  1,  1,  3.500, -1.000, -1.250, -1.250, -1.000, -1.250, -1.500, -0.250, -0.250,  0.000,  0.250,  0.000, -0.500,  1.000,  1.000,  1.000,  1.000,  0.250,  0.000,  1.750,  1.500 
     6245,  2,    60,   -12,  2,  3,  1,  1,  2.750,  0.000, -2.000, -1.250, -1.000,  0.000,  0.000 
     6245,  3,    50,   -12,  3,  3,  1,  1,  4.750,  0.000,  0.000, -0.750, -1.000, -1.000,  1.000,  0.250,  0.000,  0.000 
     6250,  0,    70,     4,  3,  6,  1,  1,  1.250, -0.500, -0.250,  0.000, -0.500, -0.500, -0.500, -0.750, -0.500, -0.250, -0.500, -0.500, -0.750, -1.000, -1.000,  0.500, -0.250,  0.000,  0.000 
     6250,  1,    57,     4,  4,  5,  1,  1,  3.500, -1.000, -1.250, -1.250, -1.000, -1.250, -1.500, -0.250, -0.250,  0.000,  0.250,  0.000, -0.500,  1.000,  1.000,  1.000,  1.000,  0.250,  0.000,  1.750,  1.500 
     6250,  2,    60,   -12,  2,  3,  1,  1,  2.750,  0.000, -2.000, -1.250, -1.000,  0.000,  0.000 
     6250,  3,    50,   -12,  3,  3,  1,  1,  4.750,  0.000,  0.000, -0.750, -1.000, -1.000,  1.000,  0.250,  0.000,  0.000 
     6255,  0,    70,     4,  3,  6,  1,  1,  1.250, -0.500, -0.250,  0.000, -0.500, -0.500, -0.500, -0.750, -0.500, -0.250, -0.500, -0.500, -0.750, -1.000, -1.000,  0.500, -0.250,  0.000,  0.000 
     6255,  1,    57,     4,  4,  5,  1,  1,  3.500, -1.000, -1.250, -1.250, -1.000, -1.250, -1.500, -0.250, -0.250,  0.000,  0.250,  0.000, -0.500,  1.000,  1.000,  1.000,  1.000,  0.250,  0.000,  1.750,  1.500 
     6255,  2,    60,   -12,  2,  3,  1,  1,  2.750,  0.000, -2.000, -1.250, -1.000,  0.000,  0.000 
     6255,  3,    50,   -12,  3,  3,  1,  1,  4.750,  0.000,  0.000, -0.750, -1.000, -1.000,  1.000,  0.250,  0.000,  0.000 
     6260,  0,    70,     4,  3,  6,  1,  1,  1.250, -0.500, -0.250,  0.000, -0.500, -0.500, -0.500, -0.750, -0.500, -0.250, -0.500, -0.500, -0.750, -1.000, -1.000,  0.500, -0.250,  0.000,  0.000 
     6260,  1,    57,     4,  4,  5,  1,  1,  3.500, -1.000, -1.250, -1.250, -1.000, -1.250, -1.500, -0.250, -0.250,  0.000,  0.250,  0.000, -0.500,  1.000,  1.000,  1.000,  1.000,  0.250,  0.000,  1.750,  1.500 
     6260,  2,    60,   -12,  2,  3,  1,  1,  2.750,  0.000, -2.000, -1.250, -1.000,  0.000,  0.000 
     6260,  3,    50,   -12,  3,  3,  1,  1,  4.750,  0.000,  0.000, -0.750, -1.000, -1.000,  1.000,  0.250,  0.000,  0.000 
     6265,  0,    70,     4,  3,  6,  1,  1,  1.250, -0.500, -0.250,  0.000, -0.500, -0.500, -0.500, -0.750, -0.500, -0.250, -0.500, -0.500, -0.750, -1.000, -1.000,  0.500, -0.250,  0.000,  0.000 
     6265,  1,    57,     4,  4,  5,  1,  1,  3.500, -1.000, -1.250, -1.250, -1.000, -1.250, -1.500, -0.250, -0.250,  0.000,  0.250,  0.000, -0.500,  1.000,  1.000,  1.000,  1.000,  0.250,  0.000,  1.750,  1.500 
     6265,  2,    60,   -12,  2,  3,  1,  1,  2.750,  0.000, -2.000, -1.250, -1.000,  0.000,  0.000 
     6265,  3,    50,   -12,  3,  3,  1,  1,  4.750,  0.000,  0.000, -0.750, -1.000, -1.000,  1.000,  0.250,  0.000,  0.000 
     6270,  0,    70,     4,  3,  6,  1,  1,  1.250, -0.500, -0.250,  0.000, -0.500, -0.500, -0.500, -0.750, -0.500, -0.250, -0.500, -0.500, -0.750, -1.000, -1.000,  0.500, -0.250,  0.000,  0.000 
     6270,  1,    57,     4,  4,  5,  1,  1,  3.500, -1.000, -1.250, -1.250, -1.000, -1.000, -1.500, -0.250, -0.250,  0.000,  0.250,  0.000, -0.500,  1.000,  1.000,  1.000,  1.000,  0.250,  0.000,  1.750,  1.500 
     6270,  2,    60,   -12,  2,  3,  1,  1,  2.750,  0.000, -2.250, -1.250, -0.750,  0.000,  0.000 
     6270,  3,    50,   -12,  3,  3,  1,  1,  4.750,  0.000,  0.000, -0.750, -1.000, -1.500,  1.000,  0.500,  0.000,  0.000 
     6275,  0,    70,     4,  3,  6,  1,  1,  1.250, -0.500, -0.250,  0.000, -0.500, -0.500, -0.500, -0.750, -0.500, -0.250, -0.500, -0.500, -0.750, -1.000, -1.000,  0.500, -0.250,  0.000,  0.000 
     6275,  1,    57,     4,  4,  5,  1,  1,  3.500, -1.000, -1.250, -1.250, -1.000, -1.000, -1.500, -0.250, -0.250,  0.000,  0.250,  0.000, -0.500,  1.000,  1.000,  1.000,  1.000,  0.250,  0.000,  1.750,  1.500 
     6275,  2,    60,   -12,  2,  3,  1,  1,  2.750,  0.000, -2.250, -1.250, -0.750,  0.000,  0.000 
     6275,  3,    50,   -12,  3,  3,  1,  1,  4.750,  0.000,  0.000, -0.750, -1.000, -1.500,  1.000,  0.500,  0.000,  0.000 
     6280,  0,    70,     4,  3,  6,  1,  1,  1.250, -0.500, -0.250,  0.000, -0.500, -0.500, -0.500, -0.750, -0.500, -0.250, -0.500, -0.500, -0.750, -1.000, -1.000,  0.500, -0.250,  0.000,  0.000 
     6280,  1,    57,     4,  4,  5,  1,  1,  3.500, -1.000, -1.250, -1.250, -1.000, -1.000, -1.500, -0.250, -0.250,  0.000,  0.250,  0.000, -0.500,  1.000,  1.000,  1.000,  1.000,  0.250,  0.000,  1.750,  1.500 
     6280,  2,    60,   -12,  2,  3,  1,  1,  2.750,  0.000, -2.250, -1.250, -0.750,  0.000,  0.000 
     6280,  3,    50,   -12,  3,  3,  1,  1,  4.750,  0.000,  0.000, -0.750, -1.000, -1.500,  1.000,  0.500,  0.000,  0.000 
     6285,  0,    70,     4,  3,  6,  1,  1,  1.250, -0.500, -0.250,  0.000, -0.500, -0.500, -0.500, -0.750, -0.500, -0.250, -0.500, -0.500, -0.750, -1.000, -1.000,  0.500, -0.250,  0.000,  0.000 
     6285,  1,    57,     4,  4,  5,  1,  1,  3.500, -1.000, -1.250, -1.250, -1.000, -1.250, -1.500, -0.250, -0.250,  0.000,  0.250,  0.000, -0.500,  1.000,  1.000,  1.000,  1.000,  0.500,  0.000,  1.750,  1.500 
     6285,  2,    60,   -12,  2,  3,  1,  1,  2.750,  0.000, -2.250, -1.250, -0.750,  0.000,  0.000 
     6285,  3,    50,   -12,  3,  3,  1,  1,  4.750,  0.000,  0.000, -0.750, -1.000, -1.500,  1.000,  0.500,  0.000,  0.000 
     6290,  0,    70,     4,  3,  6,  1,  1,  1.250, -0.500, -0.250,  0.000, -0.500, -0.500, -0.500, -0.750, -0.500, -0.250, -0.500, -0.500, -0.750, -1.000, -1.000,  0.500, -0.250,  0.000,  0.000 
     6290,  1,    57,     4,  4,  5,  1,  1,  3.500, -1.000, -1.250, -1.250, -1.000, -1.250, -1.500, -0.250, -0.250,  0.000,  0.250,  0.000, -0.500,  1.000,  1.000,  1.000,  1.000,  0.500,  0.000,  1.750,  1.500 
     6290,  2,    60,   -12,  2,  3,  1,  1,  2.750,  0.000, -2.250, -1.250, -0.750,  0.000,  0.000 
     6290,  3,    50,   -12,  3,  3,  1,  1,  4.750,  0.000,  0.000, -0.750, -1.000, -1.500,  1.000,  0.500,  0.000,  0.000 
     6295,  0,    70,     4,  3,  6,  1,  1,  1.250, -0.500, -0.250,  0.000, -0.500, -0.500, -0.500, -0.750, -0.500, -0.250, -0.500, -0.500, -0.750, -1.000, -1.000,  0.500, -0.250,  0.000,  0.000 
     6295,  1,    57,     4,  4,  5,  1,  1,  3.500, -1.000, -1.250, -1.250, -1.000, -1.250, -1.500, -0.250, -0.250,  0.000,  0.250,  0.000, -0.500,  1.000,  1.000,  1.000,  1.000,  0.500,  0.000,  1.750,  1.500 
     6295,  2,    60,   -12,  2,  3,  1,  1,  2.750,  0.000, -2.250, -1.250, -0.750,  0.000,  0.000 
     6295,  3,    50,   -12,  3,  3,  1,  1,  4.750,  0.000,  0.000, -0.750, -1.000, -1.500,  1.000,  0.500,  0.000,  0.000 
     6300,  0,    70,     4,  3,  6,  1,  1,  1.250, -0.500, -0.250, -0.250, -0.500, -0.500, -0.500, -0.750, -0.750, -0.250, -0.500, -0.500, -0.750, -1.000, -1.000,  0.500,  0.000,  0.000,  0.000 
     6300,  1,    57,     4,  4,  5,  1,  1,  3.500, -1.000, -1.250, -1.250, -1.000, -1.250, -1.500,  0.000,  0.000,  0.000,  0.000,  0.000, -0.750,  1.000,  1.000,  1.000,  1.000,  0.250,  0.000,  1.750,  1.500 
     6300,  2,    60,   -12,  2,  3,  1,  1,  2.750,  0.000, -2.000, -1.250, -0.750,  0.000,  0.000 
     6300,  3,    50,   -12,  3,  3,  1,  1,  4.750,  0.000,  0.000, -0.750, -1.000, -1.250,  1.000,  0.250,  0.000,  0.000 
     6305,  0,    70,     4,  3,  6,  1,  1,  1.250, -0.500, -0.250, -0.250, -0.500, -0.500, -0.500, -0.750, -0.750, -0.250, -0.500, -0.500, -0.750, -1.000, -1.000,  0.500,  0.000,  0.000,  0.000 
     6305,  1,    57,     4,  4,  5,  1,  1,  3.500, -1.000, -1.250, -1.250, -1.000, -1.250, -1.500,  0.000,  0.000,  0.000,  0.000,  0.000, -0.750,  1.000,  1.000,  1.000,  1.000,  0.500,  0.000,  1.750,  1.500 
     6305,  2,    60,   -12,  2,  3,  1,  1,  2.750,  0.000, -2.000, -1.250, -0.750,  0.000,  0.000 
     6305,  3,    50,   -12,  3,  3,  1,  1,  4.750,  0.000,  0.000, -0.750, -1.000, -1.250,  1.000,  0.250,  0.000,  0.000 
     6310,  0,    70,     4,  3,  6,  1,  1,  1.250, -0.500, -0.250, -0.250, -0.500, -0.500, -0.500, -0.750, -0.750, -0.250, -0.500, -0.500, -0.750, -1.000, -1.000,  0.500,  0.000,  0.000,  0.000 
     6310,  1,    57,     4,  4,  5,  1,  1,  3.500, -1.000, -1.250, -1.250, -1.000, -1.250, -1.500,  0.000,  0.000,  0.000,  0.000,  0.000, -0.750,  1.000,  1.000,  1.000,  1.000,  0.500,  0.000,  1.750,  1.750 
     6310,  2,    60,   -12,  2,  3,  1,  1,  2.750,  0.000, -2.000, -1.250, -0.750,  0.000,  0.000 
     6310,  3,    50,   -12,  3,  3,  1,  1,  4.750,  0.000,  0.000, -0.750, -1.000, -1.250,  1.000,  0.250,  0.000,  0.000 
     6320,  0,    70,     4,  3,  6,  1,  1,  1.250, -0.500, -0.250, -0.250, -0.500, -0.500, -0.500, -0.750, -0.750, -0.250, -0.500, -0.500, -0.750, -1.000, -1.000,  0.500,  0.000,  0.000,  0.000 
     6320,  1,    57,     4,  4,  5,  1,  1,  3.500, -1.000, -1.250, -1.250, -1.000, -1.250, -1.500,  0.000,  0.000,  0.000,  0.000,  0.000, -0.750,  1.000,  1.000,  1.000,  1.000,  0.500,  0.000,  1.750,  1.750 
     6320,  2,    60,   -12,  2,  3,  1,  1,  2.750,  0.000, -2.000, -1.250, -0.750,  0.000,  0.000 
     6320,  3,    50,   -12,  3,  3,  1,  1,  4.750,  0.000,  0.000, -0.750, -1.000, -1.250,  1.000,  0.250,  0.000,  0.000 
     6325,  0,    70,     4,  3,  6,  1,  1,  1.250, -0.500, -0.250, -0.250, -0.500, -0.500, -0.500, -0.750, -0.750, -0.250, -0.500, -0.500, -0.750, -1.000, -1.000,  0.500,  0.000,  0.000,  0.000 
     6325,  1,    57,     4,  4,  5,  1,  1,  3.500, -1.000, -1.250, -1.250, -1.000, -1.250, -1.500,  0.000,  0.000,  0.000,  0.000,  0.000, -0.750,  1.000,  1.000,  1.000,  1.000,  0.500,  0.000,  1.750,  1.750 
     6325,  2,    60,   -12,  2,  3,  1,  1,  2.750,  0.000, -2.000, -1.250, -0.750,  0.000,  0.000 
     6325,  3,    50,   -12,  3,  3,  1,  1,  4.750,  0.000, -0.250, -0.750, -1.000, -1.000,  1.000,  0.500,  0.000,  0.000 
     6330,  0,    70,     4,  3,  6,  1,  1,  1.250, -0.250,  0.000,  0.000, -0.500, -0.500, -0.500, -0.750, -0.500, -0.500, -0.500, -0.500, -0.750, -1.000, -1.250,  0.500, -0.250,  0.000,  0.000 
     6330,  1,    57,     4,  4,  5,  1,  1,  3.500, -1.000, -1.250, -1.250, -1.000, -1.250, -1.500,  0.000,  0.000,  0.000,  0.250,  0.000, -0.750,  1.000,  1.000,  1.000,  1.000,  0.500,  0.000,  1.750,  1.750 
     6330,  2,    60,   -12,  2,  3,  1,  1,  3.000,  0.000, -2.000, -1.250, -1.000,  0.000,  0.000 
     6330,  3,    50,   -12,  3,  3,  1,  1,  5.000,  0.000,  0.250, -1.000, -1.250,  0.000,  1.000,  0.250,  0.000, -0.500 
     6335,  0,    70,     4,  3,  6,  1,  1,  1.250, -0.250,  0.000,  0.000, -0.500, -0.500, -0.500, -0.750, -0.500, -0.500, -0.500, -0.500, -0.750, -1.000, -1.250,  0.500, -0.250,  0.000,  0.000 
     6335,  1,    57,     4,  4,  5,  1,  1,  3.500, -1.000, -1.250, -1.250, -1.000, -1.250, -1.500,  0.000,  0.000,  0.000,  0.000,  0.000, -0.750,  1.000,  1.000,  1.000,  1.000,  0.500,  0.000,  1.750,  1.750 
     6335,  2,    60,   -12,  2,  3,  1,  1,  3.000,  0.000, -2.000, -1.250, -1.000,  0.000,  0.000 
     6335,  3,    50,   -12,  3,  3,  1,  1,  5.000,  0.000,  0.250, -1.000, -1.250,  0.000,  1.000,  0.250,  0.000, -0.500 
     6340,  0,    70,     4,  3,  6,  1,  1,  1.250, -0.250,  0.000,  0.000, -0.500, -0.500, -0.500, -0.750, -0.500, -0.500, -0.500, -0.500, -0.750, -1.000, -1.250,  0.500, -0.250,  0.000,  0.000 
     6340,  1,    57,     4,  4,  5,  1,  1,  3.500, -1.000, -1.250, -1.250, -1.000, -1.250, -1.500,  0.000, -0.250,  0.000,  0.000,  0.000, -0.750,  1.000,  1.000,  1.000,  1.000,  0.500,  0.000,  1.750,  1.750 
     6340,  2,    60,   -12,  2,  3,  1,  1,  3.000,  0.000, -2.000, -1.250, -1.000,  0.000,  0.000 
     6340,  3,    50,   -12,  3,  3,  1,  1,  5.000,  0.000,  0.250, -1.000, -1.250,  0.000,  1.000,  0.250,  0.000, -0.500 
     6345,  0,    70,     4,  3,  6,  1,  1,  1.250, -0.250,  0.000,  0.000, -0.500, -0.500, -0.500, -0.750, -0.500, -0.500, -0.500, -0.500, -0.750, -1.000, -1.250,  0.500, -0.250,  0.000,  0.000 
     6345,  1,    57,     4,  4,  5,  1,  1,  3.500, -1.000, -1.250, -1.250, -1.000, -1.250, -1.500,  0.000, -0.250,  0.000,  0.000,  0.000, -0.750,  1.000,  1.000,  1.000,  1.000,  0.500,  0.000,  1.750,  1.750 
     6345,  2,    60,   -12,  2,  3,  1,  1,  3.000,  0.000, -2.000, -1.250, -1.000,  0.000,  0.000 
     6345,  3,    50,   -12,  3,  3,  1,  1,  5.000,  0.000,  0.250, -1.000, -1.250,  0.000,  1.000,  0.250,  0.000, -0.500 
     6355,  0,    70,     4,  3,  6,  1,  1,  1.250, -0.250,  0.000,  0.000, -0.500, -0.500, -0.500, -0.750, -0.500, -0.500, -0.500, -0.500, -0.750, -1.000, -1.250,  0.500, -0.250,  0.000,  0.000 
     6355,  1,    57,     4,  4,  5,  1,  1,  3.500, -1.000, -1.250, -1.250, -1.000, -1.250, -1.500,  0.000,  0.000,  0.000,  0.000,  0.000, -0.750,  1.000,  1.000,  1.000,  1.000,  0.500,  0.000,  1.750,  1.750 
     6355,  2,    60,   -12,  2,  3,  1,  1,  3.000,  0.000, -2.000, -1.250, -1.000,  0.000,  0.000 
     6355,  3,    50,   -12,  3,  3,  1,  1,  5.000,  0.000,  0.250, -1.000, -1.250,  0.000,  1.000,  0.250,  0.000, -0.500 
     6360,  0,    70,     4,  3,  6,  1,  1,  1.250, -0.500,  0.000,  0.000, -0.500, -0.500, -0.500, -0.750, -0.750, -0.500, -0.500, -0.500, -0.750, -1.000, -1.000,  0.500, -0.250,  0.000,  0.000 
     6360,  1,    57,     4,  4,  5,  1,  1,  3.500, -1.000, -1.250, -1.250, -1.000, -1.250, -1.500, -0.250, -0.250,  0.000,  0.000,  0.000, -0.750,  1.000,  1.000,  1.000,  1.000,  0.500,  0.000,  1.750,  1.750 
     6360,  2,    60,   -12,  2,  3,  1,  1,  2.500,  0.000, -2.000, -1.250, -0.750,  0.000,  0.000 
     6360,  3,    50,   -12,  3,  3,  1,  1,  4.250, -2.000, -0.750, -0.250, -0.500, -1.000,  0.750,  0.750,  0.500,  0.000 
     6365,  0,    70,     4,  3,  6,  1,  1,  1.250, -0.500,  0.000,  0.000, -0.500, -0.500, -0.500, -0.750, -0.750, -0.500, -0.500, -0.500, -0.750, -1.000, -1.000,  0.500, -0.250,  0.000,  0.000 
     6365,  1,    57,     4,  4,  5,  1,  1,  3.500, -1.000, -1.250, -1.250, -1.000, -1.250, -1.500, -0.250, -0.250,  0.000,  0.000,  0.000, -0.750,  1.000,  1.000,  1.000,  1.000,  0.500,  0.000,  1.750,  1.750 
     6365,  2,    60,   -12,  2,  3,  1,  1,  2.500,  0.000, -2.000, -1.250, -0.750,  0.000,  0.000 
     6365,  3,    50,   -12,  3,  3,  1,  1,  4.250, -2.000, -0.750, -0.250, -0.500, -1.000,  0.750,  0.750,  0.500,  0.000 
     6370,  0,    70,     4,  3,  6,  1,  1,  1.250, -0.500,  0.000,  0.000, -0.500, -0.500, -0.500, -0.750, -0.750, -0.500, -0.500, -0.500, -0.750, -1.000, -1.000,  0.500, -0.250,  0.000,  0.000 
     6370,  1,    57,     4,  4,  5,  1,  1,  3.500, -1.000, -1.250, -1.250, -1.000, -1.250, -1.500, -0.250, -0.250,  0.000,  0.000,  0.000, -0.750,  1.000,  1.000,  1.000,  1.000,  0.500,  0.000,  1.750,  1.750 
     6370,  2,    60,   -12,  2,  3,  1,  1,  2.500,  0.000, -2.000, -1.250, -0.750,  0.000,  0.000 
     6370,  3,    50,   -12,  3,  3,  1,  1,  4.250, -2.000, -0.750, -0.250, -0.500, -1.000,  0.750,  0.750,  0.500,  0.000 
     6380,  0,    70,     4,  3,  6,  1,  1,  1.250, -0.500,  0.000,  0.000, -0.500, -0.500, -0.500, -0.750, -0.750, -0.500, -0.500, -0.500, -0.750, -1.000, -1.000,  0.500, -0.250,  0.000,  0.000 
     6380,  1,    57,     4,  4,  5,  1,  1,  3.500, -1.000, -1.250, -1.250, -1.000, -1.250, -1.500, -0.250,  0.000,  0.000,  0.250,  0.000, -0.750,  1.000,  1.000,  1.000,  1.000,  0.250,  0.000,  1.750,  1.750 
     6380,  2,    60,   -12,  2,  3,  1,  1,  2.500,  0.000, -2.000, -1.250, -0.750,  0.000,  0.000 
     6380,  3,    50,   -12,  3,  3,  1,  1,  4.250, -2.000, -0.750, -0.250, -0.500, -1.000,  0.750,  0.750,  0.500,  0.000 
     6385,  0,    70,     4,  3,  6,  1,  1,  1.250, -0.500,  0.000,  0.000, -0.500, -0.500, -0.500, -0.750, -0.750, -0.500, -0.500, -0.500, -0.750, -1.000, -1.000,  0.500, -0.250,  0.000,  0.000 
     6385,  1,    57,     4,  4,  5,  1,  1,  3.500, -1.000, -1.250, -1.250, -1.000, -1.250, -1.500, -0.250,  0.000,  0.000,  0.250,  0.000, -0.750,  1.000,  1.000,  1.000,  1.000,  0.250,  0.000,  1.750,  1.750 
     6385,  2,    60,   -12,  2,  3,  1,  1,  2.500,  0.000, -2.000, -1.250, -0.750,  0.000,  0.000 
     6385,  3,    50,   -12,  3,  3,  1,  1,  4.250, -2.000, -0.750, -0.250, -0.500, -1.000,  0.750,  0.750,  0.500,  0.000 
     6390,  0,    70,     4,  3,  6,  1,  1,  1.250, -0.250,  0.000,  0.000, -0.500, -0.250, -0.500, -0.750, -0.750, -0.500, -0.500, -0.500, -0.750, -1.000, -1.000,  0.500, -0.250,  0.000,  0.000 
     6390,  1,    57,     4,  4,  5,  1,  1,  3.500, -1.000, -1.250, -1.000, -1.000, -1.250, -1.500,  0.000,  0.000,  0.000,  0.000,  0.000, -0.750,  1.000,  1.000,  1.000,  1.000,  0.250,  0.000,  1.750,  1.750 
     6390,  2,    60,   -12,  2,  3,  1,  1,  2.500,  0.000, -2.000, -1.250, -0.750,  0.000,  0.000 
     6390,  3,    50,   -12,  3,  3,  1,  1,  4.250, -1.750, -0.750, -0.250, -0.500, -1.000,  0.750,  0.750,  0.500,  0.000 
     6395,  0,    70,     4,  3,  6,  1,  1,  1.250, -0.250,  0.000,  0.000, -0.500, -0.250, -0.500, -0.750, -0.750, -0.500, -0.500, -0.500, -0.750, -1.000, -1.000,  0.500, -0.250,  0.000,  0.000 
     6395,  1,    57,     4,  4,  5,  1,  1,  3.500, -1.000, -1.250, -1.000, -1.000, -1.250, -1.500,  0.000,  0.000,  0.000,  0.000,  0.000, -0.750,  1.000,  1.000,  1.000,  1.000,  0.250,  0.000,  1.750,  1.750 
     6395,  2,    60,   -12,  2,  3,  1,  1,  2.750,  0.000, -2.000, -1.250, -0.750,  0.000,  0.000 
     6395,  3,    50,   -12,  3,  3,  1,  1,  4.250, -1.750, -0.750, -0.250, -0.500, -1.000,  0.750,  0.750,  0.500,  0.000 
     6400,  0,    70,     4,  3,  6,  1,  1,  1.250, -0.250,  0.000,  0.000, -0.500, -0.250, -0.500, -0.750, -0.750, -0.500, -0.500, -0.500, -0.750, -1.000, -1.000,  0.500, -0.250,  0.000,  0.000 
     6400,  1,    57,     4,  4,  5,  1,  1,  3.500, -1.000, -1.250, -1.000, -1.000, -1.250, -1.500,  0.000,  0.000,  0.000,  0.000,  0.000, -0.750,  1.000,  1.000,  1.000,  1.000,  0.250,  0.000,  1.750,  1.750 
     6400,  2,    60,   -12,  2,  3,  1,  1,  2.750,  0.000, -2.000, -1.250, -0.750,  0.000,  0.000 
     6400,  3,    50,   -12,  3,  3,  1,  1,  4.250, -1.750, -0.750, -0.250, -0.500, -1.000,  0.750,  0.750,  0.500,  0.000 
     6405,  0,    70,     4,  3,  6,  1,  1,  1.250, -0.250,  0.000,  0.000, -0.500, -0.250, -0.500, -0.750, -0.750, -0.500, -0.500, -0.500, -0.750, -1.000, -1.000,  0.500, -0.250,  0.000,  0.000 
     6405,  1,    57,     4,  4,  5,  1,  1,  3.500, -1.000, -1.250, -1.000, -1.000, -1.250, -1.500,  0.000,  0.000,  0.000,  0.000,  0.000, -0.750,  1.000,  1.000,  1.000,  1.000,  0.250,  0.000,  1.750,  1.750 
     6405,  2,    60,   -12,  2,  3,  1,  1,  2.750,  0.000, -2.000, -1.250, -0.750,  0.000,  0.000 
     6405,  3,    50,   -12,  3,  3,  1,  1,  4.250, -1.750, -0.750, -0.250, -0.500, -1.000,  0.750,  0.750,  0.500,  0.000 
     6410,  0,    70,     4,  3,  6,  1,  1,  1.250, -0.250,  0.000,  0.000, -0.500, -0.250, -0.500, -0.750, -0.750, -0.500, -0.500, -0.500, -0.750, -1.000, -1.000,  0.500, -0.250,  0.000,  0.000 
     6410,  1,    57,     4,  4,  5,  1,  1,  3.500, -1.000, -1.250, -1.000, -1.000, -1.250, -1.500,  0.000,  0.000,  0.000,  0.000,  0.000, -0.750,  1.000,  1.000,  1.000,  1.000,  0.250,  0.000,  1.750,  1.750 
     6410,  2,    60,   -12,  2,  3,  1,  1,  2.500,  0.000, -2.000, -1.250, -0.750,  0.000,  0.000 
     6410,  3,    50,   -12,  3,  3,  1,  1,  4.250, -1.750, -0.750, -0.250, -0.500, -1.000,  0.750,  0.750,  0.500,  0.000 
     6415,  0,    70,     4,  3,  6,  1,  1,  1.250, -0.250,  0.000,  0.000, -0.500, -0.250, -0.500, -0.750, -0.750, -0.500, -0.500, -0.500, -0.750, -1.000, -1.000,  0.500, -0.250,  0.000,  0.000 
     6415,  1,    57,     4,  4,  5,  1,  1,  3.500, -1.000, -1.250, -1.000, -1.000, -1.250, -1.500,  0.000,  0.000,  0.000,  0.000,  0.000, -0.750,  1.000,  1.000,  1.000,  1.000,  0.250,  0.000,  1.750,  1.750 
     6415,  2,    60,   -12,  2,  3,  1,  1,  2.500,  0.000, -2.000, -1.250, -0.750,  0.000,  0.000 
     6415,  3,    50,   -12,  3,  3,  1,  1,  4.250, -1.750, -0.750, -0.250, -0.500, -1.000,  0.750,  0.750,  0.500,  0.000 
     6420,  0,    70,     4,  3,  6,  1,  1,  1.500, -0.250,  0.000,  0.000, -0.500, -0.250, -0.500, -0.750, -0.500, -0.500, -0.500, -0.500, -0.750, -1.000, -1.000,  0.500, -0.250,  0.000,  0.000 
     6420,  1,    57,     4,  4,  5,  1,  1,  3.500, -1.000, -1.250, -1.000, -0.750, -1.250, -1.500, -0.250, -0.250,  0.000,  0.250,  0.000, -0.750,  1.000,  1.000,  1.000,  1.000,  0.250,  0.000,  1.750,  1.750 
     6420,  2,    60,   -12,  2,  3,  1,  1,  2.750,  0.000, -1.750, -1.250, -0.750,  0.000,  0.000 
     6420,  3,    50,   -12,  3,  3,  1,  1,  4.250, -1.750, -0.750, -0.250, -0.500, -1.000,  0.750,  0.750,  0.500,  0.000 
     6425,  0,    70,     4,  3,  6,  1,  1,  1.500, -0.250,  0.000,  0.000, -0.500, -0.250, -0.500, -0.750, -0.500, -0.500, -0.500, -0.500, -0.750, -1.000, -1.000,  0.500, -0.250,  0.000,  0.000 
     6425,  1,    57,     4,  4,  5,  1,  1,  3.500, -1.000, -1.250, -1.000, -1.000, -1.250, -1.500, -0.250, -0.250,  0.000,  0.250,  0.000, -0.750,  1.000,  1.000,  1.000,  1.000,  0.250,  0.000,  1.750,  1.750 
     6425,  2,    60,   -12,  2,  3,  1,  1,  2.750,  0.000, -1.750, -1.250, -0.750,  0.000,  0.000 
     6425,  3,    50,   -12,  3,  3,  1,  1,  4.250, -1.750, -0.750, -0.250, -0.500, -1.000,  0.750,  0.750,  0.500,  0.000 
     6430,  0,    70,     4,  3,  6,  1,  1,  1.500, -0.250,  0.000,  0.000, -0.500, -0.250, -0.500, -0.750, -0.500, -0.500, -0.500, -0.500, -0.750, -1.000, -1.250,  0.500, -0.250,  0.000,  0.000 
     6430,  1,    57,     4,  4,  5,  1,  1,  3.500, -1.000, -1.250, -1.000, -1.000, -1.250, -1.500, -0.250, -0.250,  0.000,  0.250,  0.000, -0.750,  1.000,  1.000,  1.000,  1.000,  0.250,  0.000,  1.750,  1.750 
     6430,  2,    60,   -12,  2,  3,  1,  1,  2.750,  0.000, -1.750, -1.250, -0.750,  0.000,  0.000 
     6430,  3,    50,   -12,  3,  3,  1,  1,  4.250, -1.750, -0.750, -0.250, -0.500, -1.000,  0.750,  0.750,  0.500,  0.000 
     6435,  0,    70,     4,  3,  6,  1,  1,  1.500, -0.250,  0.000,  0.000, -0.250, -0.250, -0.500, -0.750, -0.750, -0.500, -0.500, -0.500, -0.750, -1.000, -1.250,  0.500, -0.250,  0.000,  0.000 
     6435,  1,    57,     4,  4,  5,  1,  1,  3.500, -1.000, -1.250, -1.000, -1.000, -1.250, -1.500, -0.250, -0.250,  0.000,  0.250,  0.000, -0.750,  1.000,  1.000,  1.000,  1.000,  0.250,  0.000,  1.750,  1.750 
     6435,  2,    60,   -12,  2,  3,  1,  1,  2.750,  0.000, -1.750, -1.250, -0.750,  0.000,  0.000 
     6435,  3,    50,   -12,  3,  3,  1,  1,  4.250, -1.750, -0.750, -0.250, -0.500, -1.000,  0.750,  0.750,  0.500,  0.000 
     6440,  0,    70,     4,  3,  6,  1,  1,  1.500, -0.250,  0.000,  0.000, -0.250, -0.250, -0.500, -0.750, -0.500, -0.500, -0.500, -0.500, -0.750, -1.000, -1.250,  0.500, -0.250,  0.000,  0.000 
     6440,  1,    57,     4,  4,  5,  1,  1,  3.500, -1.000, -1.250, -1.000, -1.000, -1.250, -1.500, -0.250, -0.250,  0.000,  0.000,  0.000, -0.750,  1.000,  1.000,  1.000,  1.000,  0.500,  0.000,  1.750,  1.750 
     6440,  2,    60,   -12,  2,  3,  1,  1,  2.750,  0.000, -1.750, -1.250, -0.750,  0.000,  0.000 
     6440,  3,    50,   -12,  3,  3,  1,  1,  4.250, -1.750, -0.750, -0.250, -0.500, -1.000,  0.750,  0.750,  0.500,  0.000 
     6445,  0,    70,     4,  3,  6,  1,  1,  1.500, -0.250,  0.000,  0.000, -0.250, -0.250, -0.500, -0.750, -0.500, -0.500, -0.500, -0.500, -0.750, -1.000, -1.250,  0.500, -0.250,  0.000,  0.000 
     6445,  1,    57,     4,  4,  5,  1,  1,  3.500, -1.000, -1.250, -1.000, -1.000, -1.250, -1.500, -0.250, -0.250,  0.000,  0.000,  0.000, -0.750,  1.000,  1.000,  1.000,  1.000,  0.500,  0.000,  1.750,  1.750 
     6445,  2,    60,   -12,  2,  3,  1,  1,  2.750,  0.000, -1.750, -1.250, -0.750,  0.000,  0.000 
     6445,  3,    50,   -12,  3,  3,  1,  1,  4.250, -1.750, -0.750, -0.250, -0.500, -1.000,  0.750,  0.750,  0.500,  0.000 
     6450,  0,    70,     4,  3,  6,  1,  1,  1.500, -0.250,  0.000,  0.000, -0.250, -0.250, -0.500, -0.750, -0.750, -0.500, -0.500, -0.500, -0.750, -1.000, -1.000,  0.500, -0.250,  0.000,  0.000 
     6450,  1,    57,     4,  4,  5,  1,  1,  3.500, -1.000, -1.250, -1.000, -1.000, -1.250, -1.500, -0.250, -0.250,  0.000,  0.000,  0.250, -0.750,  1.000,  1.000,  1.000,  1.000,  0.500,  0.000,  1.500,  1.750 
     6450,  2,    60,   -12,  2,  3,  1,  1,  2.500,  0.000, -1.750, -1.250, -0.750,  0.000,  0.000 
     6450,  3,    50,   -12,  3,  3,  1,  1,  4.250, -1.750, -0.750, -0.250, -0.500, -1.000,  0.750,  0.750,  0.500,  0.000 
     6455,  0,    70,     4,  3,  6,  1,  1,  1.500, -0.250,  0.000,  0.000, -0.250, -0.250, -0.500, -0.750, -0.750, -0.500, -0.500, -0.500, -0.750, -1.000, -1.000,  0.500, -0.250,  0.000,  0.000 
     6455,  1,    57,     4,  4,  5,  1,  1,  3.500, -1.000, -1.250, -1.000, -1.000, -1.250, -1.500, -0.250, -0.250,  0.000,  0.000,  0.250, -0.750,  1.000,  1.000,  1.000,  1.000,  0.500,  0.000,  1.500,  1.750 
     6455,  2,    60,   -12,  2,  3,  1,  1,  2.500,  0.000, -1.750, -1.250, -0.750,  0.000,  0.000 
     6455,  3,    50,   -12,  3,  3,  1,  1,  4.250, -1.750, -0.750, -0.250, -0.500, -1.000,  0.750,  0.750,  0.500,  0.000 
     6460,  0,    70,     4,  3,  6,  1,  1,  1.500, -0.250,  0.000,  0.000, -0.250, -0.250, -0.500, -0.750, -0.750, -0.500, -0.500, -0.500, -0.750, -1.000, -1.250,  0.500, -0.250,  0.000,  0.000 
     6460,  1,    57,     4,  4,  5,  1,  1,  3.500, -1.000, -1.250, -1.000, -1.000, -1.250, -1.500, -0.250, -0.250,  0.000,  0.000,  0.250, -0.750,  1.000,  1.000,  1.000,  1.000,  0.500,  0.000,  1.500,  1.750 
     6460,  2,    60,   -12,  2,  3,  1,  1,  2.500,  0.000, -1.750, -1.250, -0.750,  0.000,  0.000 
     6460,  3,    50,   -12,  3,  3,  1,  1,  4.250, -1.750, -0.750, -0.250, -0.500, -1.000,  0.750,  0.750,  0.500,  0.000 
     6465,  0,    70,     4,  3,  6,  1,  1,  1.500, -0.500,  0.000,  0.000, -0.250, -0.250, -0.500, -0.750, -0.750, -0.500, -0.500, -0.500, -0.750, -1.000, -1.000,  0.500, -0.250,  0.000,  0.000 
     6465,  1,    57,     4,  4,  5,  1,  1,  3.500, -1.000, -1.250, -1.000, -0.750, -1.250, -1.500, -0.250,  0.000,  0.000,  0.000,  0.250, -0.750,  1.000,  1.000,  1.000,  1.000,  0.250,  0.000,  1.500,  1.750 
     6465,  2,    60,   -12,  2,  3,  1,  1,  2.500,  0.000, -1.750, -1.250, -0.750,  0.000,  0.000 
     6465,  3,    50,   -12,  3,  3,  1,  1,  4.250, -1.750, -0.750, -0.250, -0.500, -1.000,  0.750,  0.750,  0.500,  0.000 
     6470,  0,    70,     4,  3,  6,  1,  1,  1.500, -0.250,  0.000,  0.000, -0.250, -0.250, -0.500, -0.750, -0.750, -0.500, -0.500, -0.500, -0.750, -1.000, -1.250,  0.500, -0.250,  0.000,  0.000 
     6470,  1,    57,     4,  4,  5,  1,  1,  3.500, -1.000, -1.250, -1.000, -0.750, -1.250, -1.500, -0.250,  0.000,  0.000,  0.000,  0.250, -0.750,  1.000,  1.000,  1.000,  1.000,  0.250,  0.000,  1.500,  1.750 
     6470,  2,    60,   -12,  2,  3,  1,  1,  2.500,  0.000, -1.750, -1.250, -0.750,  0.000,  0.000 
     6470,  3,    50,   -12,  3,  3,  1,  1,  4.250, -1.750, -0.750, -0.250, -0.500, -1.000,  0.750,  0.750,  0.500,  0.000 
     6475,  0,    70,     4,  3,  6,  1,  1,  1.500, -0.250,  0.000,  0.000, -0.250, -0.250, -0.500, -0.750, -0.750, -0.500, -0.500, -0.500, -0.750, -1.000, -1.000,  0.500, -0.250,  0.000,  0.000 
     6475,  1,    57,     4,  4,  5,  1,  1,  3.500, -1.000, -1.250, -1.000, -0.750, -1.250, -1.500, -0.250,  0.000,  0.000,  0.000,  0.250, -0.750,  1.000,  1.000,  1.000,  1.000,  0.250,  0.000,  1.500,  1.750 
     6475,  2,    60,   -12,  2,  3,  1,  1,  2.500,  0.000, -1.750, -1.250, -0.750,  0.000,  0.000 
     6475,  3,    50,   -12,  3,  3,  1,  1,  4.250, -1.750, -0.750, -0.250, -0.500, -1.000,  0.750,  0.750,  0.500,  0.000 
     6480,  0,    70,     4,  3,  6,  1,  1,  1.250, -0.500,  0.000,  0.000, -0.250, -0.250, -0.500, -0.750, -0.750, -0.500, -0.500, -0.500, -0.750, -1.000, -1.000,  0.500, -0.250,  0.000,  0.000 
     6480,  1,    57,     4,  4,  5,  1,  1,  3.500, -1.000, -1.250, -1.000, -1.000, -1.250, -1.500, -0.250,  0.000,  0.000,  0.000,  0.000, -0.750,  1.000,  1.000,  1.000,  1.000,  0.250,  0.000,  1.750,  1.750 
     6480,  2,    60,   -12,  2,  3,  1,  1,  2.750,  0.000, -1.750, -1.250, -0.750,  0.000,  0.000 
     6480,  3,    50,   -12,  3,  3,  1,  1,  4.250, -1.750, -0.750, -0.250, -0.500, -1.000,  0.750,  0.750,  0.500,  0.000 
     6485,  0,    70,     4,  3,  6,  1,  1,  1.250, -0.500,  0.000,  0.000, -0.250, -0.250, -0.500, -0.750, -0.750, -0.500, -0.500, -0.500, -0.750, -1.000, -1.000,  0.500, -0.250,  0.000,  0.000 
     6485,  1,    57,     4,  4,  5,  1,  1,  3.500, -1.000, -1.250, -1.000, -1.000, -1.250, -1.500, -0.250,  0.000,  0.000,  0.000,  0.000, -0.750,  1.000,  1.000,  1.000,  1.000,  0.250,  0.000,  1.750,  1.750 
     6485,  2,    60,   -12,  2,  3,  1,  1,  2.750,  0.000, -1.750, -1.250, -0.750,  0.000,  0.000 
     6485,  3,    50,   -12,  3,  3,  1,  1,  4.250, -1.750, -0.750, -0.250, -0.500, -1.000,  0.750,  0.750,  0.500,  0.000 
     6490,  0,    70,     4,  3,  6,  1,  1,  1.250, -0.500,  0.000,  0.000, -0.250, -0.250, -0.500, -0.750, -0.750, -0.500, -0.500, -0.500, -0.750, -1.000, -1.000,  0.500, -0.250,  0.000,  0.000 
     6490,  1,    57,     4,  4,  5,  1,  1,  3.500, -1.000, -1.250, -1.000, -1.000, -1.250, -1.500, -0.250,  0.000,  0.000,  0.000,  0.000, -0.750,  1.000,  1.000,  1.000,  1.000,  0.250,  0.000,  1.750,  1.750 
     6490,  2,    60,   -12,  2,  3,  1,  1,  2.750,  0.000, -1.750, -1.250, -0.750,  0.000,  0.000 
     6490,  3,    50,   -12,  3,  3,  1,  1,  4.250, -1.750, -0.750, -0.250, -0.500, -1.000,  0.750,  0.750,  0.500,  0.000 
     6495,  0,    70,     4,  3,  6,  1,  1,  1.250, -0.500,  0.000,  0.000, -0.250, -0.250, -0.500, -0.750, -0.750, -0.500, -0.500, -0.500, -0.750, -1.000, -1.000,  0.500, -0.250,  0.000,  0.000 
     6495,  1,    57,     4,  4,  5,  1,  1,  3.500, -1.000, -1.250, -1.000, -1.000, -1.250, -1.500, -0.250,  0.000,  0.000,  0.000,  0.000, -0.750,  1.000,  1.000,  1.000,  1.000,  0.250,  0.000,  1.750,  1.750 
     6495,  2,    60,   -12,  2,  3,  1,  1,  2.750,  0.000, -1.750, -1.250, -0.750,  0.000,  0.000 
     6495,  3,    50,   -12,  3,  3,  1,  1,  4.250, -1.750, -0.750, -0.250, -0.500, -1.000,  0.750,  0.750,  0.500,  0.000 
     6500,  0,    70,     4,  3,  6,  1,  1,  1.250, -0.500,  0.000,  0.000, -0.250, -0.250, -0.500, -0.750, -0.750, -0.500, -0.500, -0.500, -0.750, -1.000, -1.000,  0.500, -0.250,  0.000,  0.000 
     6500,  1,    57,     4,  4,  5,  1,  1,  3.500, -1.000, -1.250, -1.000, -1.000, -1.250, -1.500, -0.250,  0.000,  0.000,  0.000,  0.000, -0.750,  1.000,  1.000,  1.000,  1.000,  0.250,  0.000,  1.750,  1.750 
     6500,  2,    60,   -12,  2,  3,  1,  1,  2.750,  0.000, -1.750, -1.250, -0.750,  0.000,  0.000 
     6500,  3,    50,   -12,  3,  3,  1,  1,  4.250, -1.750, -0.750, -0.250, -0.500, -1.000,  0.750,  0.750,  0.500,  0.000 
     6505,  0,    70,     4,  3,  6,  1,  1,  1.250, -0.500,  0.000,  0.000, -0.250, -0.250, -0.500, -0.750, -0.750, -0.500, -0.500, -0.500, -0.750, -1.000, -1.000,  0.500, -0.250,  0.000,  0.000 
     6505,  1,    57,     4,  4,  5,  1,  1,  3.500, -1.000, -1.250, -1.000, -1.000, -1.250, -1.500, -0.250,  0.000,  0.000,  0.000,  0.000, -0.750,  1.000,  1.000,  1.000,  1.000,  0.250,  0.000,  1.750,  1.750 
     6505,  2,    60,   -12,  2,  3,  1,  1,  2.750,  0.000, -1.750, -1.250, -0.750,  0.000,  0.000 
     6505,  3,    50,   -12,  3,  3,  1,  1,  4.250, -1.750, -0.750, -0.250, -0.500, -1.000,  0.750,  0.750,  0.500,  0.000 
     6510,  0,    70,     4,  3,  6,  1,  1,  1.500, -0.250,  0.000,  0.000, -0.250, -0.250, -0.500, -0.750, -0.750, -0.500, -0.500, -0.500, -0.750, -1.000, -1.000,  0.250, -0.250,  0.000,  0.000 
     6510,  1,    57,     4,  4,  5,  1,  1,  3.500, -1.000, -1.250, -1.000, -1.000, -1.250, -1.500, -0.250, -0.250,  0.000,  0.000,  0.250, -0.500,  1.000,  1.000,  1.000,  1.000,  0.250,  0.000,  1.750,  1.750 
     6510,  2,    60,   -12,  2,  3,  1,  1,  2.750,  0.000, -1.750, -1.250, -0.750,  0.000,  0.000 
     6510,  3,    50,   -12,  3,  3,  1,  1,  4.250, -1.750, -0.750, -0.250, -0.500, -0.750,  0.750,  0.750,  0.500,  0.000 
     6515,  0,    70,     4,  3,  6,  1,  1,  1.500, -0.250,  0.000,  0.000, -0.250, -0.250, -0.500, -0.750, -0.750, -0.500, -0.500, -0.500, -0.750, -1.000, -1.000,  0.250, -0.250,  0.000,  0.000 
     6515,  1,    57,     4,  4,  5,  1,  1,  3.500, -1.000, -1.250, -1.000, -1.000, -1.250, -1.500, -0.250, -0.250,  0.000,  0.000,  0.250, -0.500,  1.000,  1.000,  1.000,  1.000,  0.250,  0.000,  1.750,  1.750 
     6515,  2,    60,   -12,  2,  3,  1,  1,  2.750,  0.000, -1.750, -1.250, -0.750,  0.000,  0.000 
     6515,  3,    50,   -12,  3,  3,  1,  1,  4.250, -1.750, -0.750, -0.250, -0.500, -0.750,  0.750,  0.750,  0.500,  0.000 
